#
# There is insufficient memory for the Java Runtime Environment to continue.
# Native memory allocation (malloc) failed to allocate 204496 bytes. Error detail: Chunk::new
# Possible reasons:
#   The system is out of physical RAM or swap space
#   This process is running with CompressedOops enabled, and the Java Heap may be blocking the growth of the native heap
# Possible solutions:
#   Reduce memory load on the system
#   Increase physical memory or swap space
#   Check if swap backing store is full
#   Decrease Java heap size (-Xmx/-Xms)
#   Decrease number of Java threads
#   Decrease Java thread stack sizes (-Xss)
#   Set larger code cache with -XX:ReservedCodeCacheSize=
#   JVM is running with Unscaled Compressed Oops mode in which the Java heap is
#     placed in the first 4GB address space. The Java Heap base address is the
#     maximum limit for the native heap growth. Please use -XX:HeapBaseMinAddress
#     to set the Java Heap base and to place the Java Heap above 4GB virtual address.
# This output file may be truncated or incomplete.
#
#  Out of Memory Error (arena.cpp:168), pid=16492, tid=15792
#
# JRE version: OpenJDK Runtime Environment Temurin-21.0.10+7 (21.0.10+7) (build 21.0.10+7-LTS)
# Java VM: OpenJDK 64-Bit Server VM Temurin-21.0.10+7 (21.0.10+7-LTS, mixed mode, sharing, tiered, compressed oops, compressed class ptrs, parallel gc, windows-amd64)
# No core dump will be written. Minidumps are not enabled by default on client versions of Windows
#

---------------  S U M M A R Y ------------

Command Line: --add-modules=ALL-SYSTEM --add-opens=java.base/java.util=ALL-UNNAMED --add-opens=java.base/java.lang=ALL-UNNAMED --add-opens=java.base/sun.nio.fs=ALL-UNNAMED -Declipse.application=org.eclipse.jdt.ls.core.id1 -Dosgi.bundles.defaultStartLevel=4 -Declipse.product=org.eclipse.jdt.ls.core.product -Djava.import.generatesMetadataFilesAtProjectRoot=false -DDetectVMInstallationsJob.disabled=true -Dfile.encoding=utf8 -XX:+UseParallelGC -XX:GCTimeRatio=4 -XX:AdaptiveSizePolicyWeight=90 -Dsun.zip.disableMemoryMapping=true -Xmx2G -Xms100m -Xlog:disable -javaagent:c:\Users\User\.trae\extensions\redhat.java-1.53.0-win32-x64\lombok\lombok-1.18.39-4050.jar -XX:+HeapDumpOnOutOfMemoryError -XX:HeapDumpPath=c:\Users\User\AppData\Roaming\Trae\User\workspaceStorage\3d0d1156a20cda4eb1df20c23f27dcd9\redhat.java -Daether.dependencyCollector.impl=bf c:\Users\User\.trae\extensions\redhat.java-1.53.0-win32-x64\server\plugins\org.eclipse.equinox.launcher_1.7.100.v20251111-0406.jar -configuration c:\Users\User\AppData\Roaming\Trae\User\globalStorage\redhat.java\1.53.0\config_win -data c:\Users\User\AppData\Roaming\Trae\User\workspaceStorage\3d0d1156a20cda4eb1df20c23f27dcd9\redhat.java\jdt_ws --pipe=\\.\pipe\lsp-12f7f32b89405f232a13093cc35cd707-sock

Host: Intel(R) Core(TM) i5-7400 CPU @ 3.00GHz, 4 cores, 15G,  Windows 10 , 64 bit Build 17763 (10.0.17763.475)
Time: Mon Mar  9 14:19:41 2026 Myanmar Standard Time elapsed time: 43.117453 seconds (0d 0h 0m 43s)

---------------  T H R E A D  ---------------

Current thread (0x0000025779143220):  JavaThread "C2 CompilerThread0" daemon [_thread_in_native, id=15792, stack(0x00000076f6700000,0x00000076f6800000) (1024K)]


Current CompileTask:
C2:43117 4147       4       org.eclipse.osgi.internal.debug.Debug::loaderWithClass (40 bytes)

Stack: [0x00000076f6700000,0x00000076f6800000]
Native frames: (J=compiled Java code, j=interpreted, Vv=VM code, C=native code)
V  [jvm.dll+0x6d7a39]
V  [jvm.dll+0x8b4b26]
V  [jvm.dll+0x8b70de]
V  [jvm.dll+0x8b77c3]
V  [jvm.dll+0x284346]
V  [jvm.dll+0xc66ed]
V  [jvm.dll+0xc6c31]
V  [jvm.dll+0x2fb29e]
V  [jvm.dll+0x5fe884]
V  [jvm.dll+0x255b17]
V  [jvm.dll+0x24dc0b]
V  [jvm.dll+0x24ba42]
V  [jvm.dll+0x1cb34e]
V  [jvm.dll+0x25b85d]
V  [jvm.dll+0x259dea]
V  [jvm.dll+0x3f857e]
V  [jvm.dll+0x85f59d]
V  [jvm.dll+0x6d626d]
C  [ucrtbase.dll+0x2268a]
C  [KERNEL32.DLL+0x17974]
C  [ntdll.dll+0x5a0b1]


---------------  P R O C E S S  ---------------

Threads class SMR info:
_java_thread_list=0x00000257008dfcb0, length=24, elements={
0x00000257216a8480, 0x0000025779139540, 0x000002577913b1d0, 0x000002577913c0f0,
0x000002577913ff10, 0x0000025779141980, 0x00000257791423e0, 0x0000025779143220,
0x00000257791b03e0, 0x000002577e173fa0, 0x000002577e29d130, 0x000002577ebb22c0,
0x00000257791ad110, 0x000002577ea967b0, 0x000002577ea70bb0, 0x000002577e27e430,
0x000002577eb7bf00, 0x000002577ed315b0, 0x00000257791a6a20, 0x00000257791a7dd0,
0x00000257791a7740, 0x00000257791a70b0, 0x000002577f5b3790, 0x000002577f5af5f0
}
_to_delete_list=0x00000257008dcb30, length=23, elements={
0x00000257216a8480, 0x0000025779139540, 0x000002577913b1d0, 0x000002577913c0f0,
0x000002577913ff10, 0x0000025779141980, 0x00000257791423e0, 0x0000025779143220,
0x00000257791b03e0, 0x000002577e173fa0, 0x000002577e29d130, 0x000002577ebb22c0,
0x00000257791ad110, 0x000002577ea967b0, 0x000002577ea70bb0, 0x000002577e27e430,
0x000002577eb7bf00, 0x000002577ed315b0, 0x00000257791a6a20, 0x00000257791a7dd0,
0x00000257791a7740, 0x0000025700964fe0, 0x00000257791a70b0
}

Java Threads: ( => current thread )
  0x00000257216a8480 JavaThread "main"                              [_thread_blocked, id=20292, stack(0x00000076f5d00000,0x00000076f5e00000) (1024K)]
  0x0000025779139540 JavaThread "Reference Handler"          daemon [_thread_blocked, id=712, stack(0x00000076f6100000,0x00000076f6200000) (1024K)]
  0x000002577913b1d0 JavaThread "Finalizer"                  daemon [_thread_blocked, id=9272, stack(0x00000076f6200000,0x00000076f6300000) (1024K)]
  0x000002577913c0f0 JavaThread "Signal Dispatcher"          daemon [_thread_blocked, id=8056, stack(0x00000076f6300000,0x00000076f6400000) (1024K)]
  0x000002577913ff10 JavaThread "Attach Listener"            daemon [_thread_blocked, id=12460, stack(0x00000076f6400000,0x00000076f6500000) (1024K)]
  0x0000025779141980 JavaThread "Service Thread"             daemon [_thread_blocked, id=7844, stack(0x00000076f6500000,0x00000076f6600000) (1024K)]
  0x00000257791423e0 JavaThread "Monitor Deflation Thread"   daemon [_thread_blocked, id=20212, stack(0x00000076f6600000,0x00000076f6700000) (1024K)]
=>0x0000025779143220 JavaThread "C2 CompilerThread0"         daemon [_thread_in_native, id=15792, stack(0x00000076f6700000,0x00000076f6800000) (1024K)]
  0x00000257791b03e0 JavaThread "C1 CompilerThread0"         daemon [_thread_blocked, id=20280, stack(0x00000076f6800000,0x00000076f6900000) (1024K)]
  0x000002577e173fa0 JavaThread "Common-Cleaner"             daemon [_thread_blocked, id=15760, stack(0x00000076f6900000,0x00000076f6a00000) (1024K)]
  0x000002577e29d130 JavaThread "Notification Thread"        daemon [_thread_blocked, id=19060, stack(0x00000076f6a00000,0x00000076f6b00000) (1024K)]
  0x000002577ebb22c0 JavaThread "Active Thread: Equinox Container: e481251c-cadd-4b16-afd5-dd3b2a1a62b7"        [_thread_blocked, id=2780, stack(0x00000076f6e00000,0x00000076f6f00000) (1024K)]
  0x00000257791ad110 JavaThread "Refresh Thread: Equinox Container: e481251c-cadd-4b16-afd5-dd3b2a1a62b7" daemon [_thread_blocked, id=16124, stack(0x00000076f6f00000,0x00000076f7000000) (1024K)]
  0x000002577ea967b0 JavaThread "Framework Event Dispatcher: Equinox Container: e481251c-cadd-4b16-afd5-dd3b2a1a62b7" daemon [_thread_blocked, id=19052, stack(0x00000076f7000000,0x00000076f7100000) (1024K)]
  0x000002577ea70bb0 JavaThread "Start Level: Equinox Container: e481251c-cadd-4b16-afd5-dd3b2a1a62b7" daemon [_thread_in_vm, id=18160, stack(0x00000076f7100000,0x00000076f7200000) (1024K)]
  0x000002577e27e430 JavaThread "Bundle File Closer"         daemon [_thread_blocked, id=7652, stack(0x00000076f7200000,0x00000076f7300000) (1024K)]
  0x000002577eb7bf00 JavaThread "SCR Component Actor"        daemon [_thread_blocked, id=16352, stack(0x00000076f7300000,0x00000076f7400000) (1024K)]
  0x000002577ed315b0 JavaThread "Worker-JM"                         [_thread_blocked, id=19340, stack(0x00000076f7500000,0x00000076f7600000) (1024K)]
  0x00000257791a6a20 JavaThread "JNA Cleaner"                daemon [_thread_blocked, id=18844, stack(0x00000076f7400000,0x00000076f7500000) (1024K)]
  0x00000257791a7dd0 JavaThread "Worker-0: Updating Maven Dependencies"        [_thread_in_vm, id=5288, stack(0x00000076f7600000,0x00000076f7700000) (1024K)]
  0x00000257791a7740 JavaThread "Worker-1: Repository registry initialization"        [_thread_in_vm, id=14648, stack(0x00000076f7700000,0x00000076f7800000) (1024K)]
  0x00000257791a70b0 JavaThread "Java indexing"              daemon [_thread_blocked, id=18092, stack(0x00000076f7900000,0x00000076f7a00000) (1024K)]
  0x000002577f5b3790 JavaThread "Worker-2"                          [_thread_blocked, id=14476, stack(0x00000076f7a00000,0x00000076f7b00000) (1024K)]
  0x000002577f5af5f0 JavaThread "Worker-3"                          [_thread_blocked, id=15044, stack(0x00000076f7b00000,0x00000076f7c00000) (1024K)]
Total: 24

Other Threads:
  0x0000025721766af0 VMThread "VM Thread"                           [id=15168, stack(0x00000076f6000000,0x00000076f6100000) (1024K)]
  0x0000025721713f50 WatcherThread "VM Periodic Task Thread"        [id=14676, stack(0x00000076f5f00000,0x00000076f6000000) (1024K)]
  0x00000257216c8b70 WorkerThread "GC Thread#0"                     [id=7448, stack(0x00000076f5e00000,0x00000076f5f00000) (1024K)]
  0x000002577e66b100 WorkerThread "GC Thread#1"                     [id=17004, stack(0x00000076f6b00000,0x00000076f6c00000) (1024K)]
  0x000002577e66b4b0 WorkerThread "GC Thread#2"                     [id=18044, stack(0x00000076f6c00000,0x00000076f6d00000) (1024K)]
  0x000002577e66b860 WorkerThread "GC Thread#3"                     [id=18640, stack(0x00000076f6d00000,0x00000076f6e00000) (1024K)]
Total: 6

Threads with active compile tasks:
C2 CompilerThread0  43318 4147       4       org.eclipse.osgi.internal.debug.Debug::loaderWithClass (40 bytes)
Total: 1

VM state: not at safepoint (normal execution)

VM Mutex/Monitor currently owned by a thread:  ([mutex/lock_event])
[0x00007ffcb5e6c4e0] Metaspace_lock - owner thread: 0x00000257791a7dd0

Heap address: 0x0000000080000000, size: 2048 MB, Compressed Oops mode: 32-bit

CDS archive(s) mapped at: [0x0000025738000000-0x0000025738ba0000-0x0000025738ba0000), size 12189696, SharedBaseAddress: 0x0000025738000000, ArchiveRelocationMode: 1.
Compressed class space mapped at: 0x0000025739000000-0x0000025779000000, reserved size: 1073741824
Narrow klass base: 0x0000025738000000, Narrow klass shift: 0, Narrow klass range: 0x100000000

GC Precious Log:
 CardTable entry size: 512
 CPUs: 4 total, 4 available
 Memory: 16249M
 Large Page Support: Disabled
 NUMA Support: Disabled
 Compressed Oops: Enabled (32-bit)
 Alignments: Space 512K, Generation 512K, Heap 2M
 Heap Min Capacity: 100M
 Heap Initial Capacity: 100M
 Heap Max Capacity: 2G
 Pre-touch: Disabled
 Parallel Workers: 4

Heap:
 PSYoungGen      total 26112K, used 24482K [0x00000000d5580000, 0x00000000d7300000, 0x0000000100000000)
  eden space 23552K, 93% used [0x00000000d5580000,0x00000000d6b01e20,0x00000000d6c80000)
  from space 2560K, 96% used [0x00000000d6e80000,0x00000000d70e6d50,0x00000000d7100000)
  to   space 2048K, 0% used [0x00000000d7100000,0x00000000d7100000,0x00000000d7300000)
 ParOldGen       total 68608K, used 13757K [0x0000000080000000, 0x0000000084300000, 0x00000000d5580000)
  object space 68608K, 20% used [0x0000000080000000,0x0000000080d6f400,0x0000000084300000)
 Metaspace       used 27768K, committed 28672K, reserved 1114112K
  class space    used 2723K, committed 3072K, reserved 1048576K

Card table byte_map: [0x0000025721060000,0x0000025721470000] _byte_map_base: 0x0000025720c60000

Marking Bits: (ParMarkBitMap*) 0x00007ffcb5e73450
 Begin Bits: [0x0000025733b60000, 0x0000025735b60000)
 End Bits:   [0x0000025735b60000, 0x0000025737b60000)

Polling page: 0x000002571f730000

Metaspace:

Usage:
  Non-class:     24.46 MB used.
      Class:      2.66 MB used.
       Both:     27.12 MB used.

Virtual space:
  Non-class space:       64.00 MB reserved,      25.00 MB ( 39%) committed,  1 nodes.
      Class space:        1.00 GB reserved,       3.00 MB ( <1%) committed,  1 nodes.
             Both:        1.06 GB reserved,      28.00 MB (  3%) committed. 

Chunk freelists:
   Non-Class:  6.80 MB
       Class:  12.88 MB
        Both:  19.68 MB

MaxMetaspaceSize: unlimited
CompressedClassSpaceSize: 1.00 GB
Initial GC threshold: 21.00 MB
Current GC threshold: 35.00 MB
CDS: on
 - commit_granule_bytes: 65536.
 - commit_granule_words: 8192.
 - virtual_space_node_default_size: 8388608.
 - enlarge_chunks_in_place: 1.
 - use_allocation_guard: 0.


Internal statistics:

num_allocs_failed_limit: 3.
num_arena_births: 702.
num_arena_deaths: 14.
num_vsnodes_births: 2.
num_vsnodes_deaths: 0.
num_space_committed: 448.
num_space_uncommitted: 0.
num_chunks_returned_to_freelist: 17.
num_chunks_taken_from_freelist: 1815.
num_chunk_merges: 9.
num_chunk_splits: 1183.
num_chunks_enlarged: 747.
num_inconsistent_stats: 0.

CodeHeap 'non-profiled nmethods': size=120000Kb used=2000Kb max_used=2000Kb free=117999Kb
 bounds [0x000002572c380000, 0x000002572c5f0000, 0x00000257338b0000]
CodeHeap 'profiled nmethods': size=120000Kb used=8865Kb max_used=8865Kb free=111134Kb
 bounds [0x00000257248b0000, 0x0000025725160000, 0x000002572bde0000]
CodeHeap 'non-nmethods': size=5760Kb used=1329Kb max_used=1379Kb free=4430Kb
 bounds [0x000002572bde0000, 0x000002572c050000, 0x000002572c380000]
CodeCache: size=245760Kb, used=12194Kb, max_used=12244Kb, free=233563Kb
 total_blobs=4771, nmethods=4149, adapters=528, full_count=0
Compilation: enabled, stopped_count=0, restarted_count=0

Compilation events (20 events):
Event: 40.026 Thread 0x00000257791b03e0 nmethod 4145 0x0000025725150590 code [0x0000025725150800, 0x00000257251510a0]
Event: 40.149 Thread 0x00000257791b03e0 4146       3       java.util.concurrent.locks.AbstractQueuedSynchronizer$Node::casNext (13 bytes)
Event: 40.149 Thread 0x00000257791b03e0 nmethod 4146 0x0000025725151410 code [0x00000257251515c0, 0x0000025725151720]
Event: 43.041 Thread 0x0000025779143220 4147       4       org.eclipse.osgi.internal.debug.Debug::loaderWithClass (40 bytes)
Event: 43.042 Thread 0x00000257791b03e0 4149       2       java.util.HashSet::contains (9 bytes)
Event: 43.042 Thread 0x00000257791b03e0 nmethod 4149 0x0000025725151810 code [0x00000257251519c0, 0x0000025725151af8]
Event: 43.044 Thread 0x00000257791b03e0 4150       3       java.util.TreeMap::fixAfterInsertion (267 bytes)
Event: 43.046 Thread 0x00000257791b03e0 nmethod 4150 0x0000025725151b90 code [0x0000025725152040, 0x0000025725154470]
Event: 43.046 Thread 0x00000257791b03e0 4156       3       java.lang.ProcessEnvironment$NameComparator::compare (90 bytes)
Event: 43.047 Thread 0x00000257791b03e0 nmethod 4156 0x0000025725155090 code [0x00000257251553a0, 0x00000257251565c0]
Event: 43.047 Thread 0x00000257791b03e0 4151       3       java.lang.CharacterDataLatin1::toUpperCase (67 bytes)
Event: 43.047 Thread 0x00000257791b03e0 nmethod 4151 0x0000025725156e10 code [0x0000025725156fe0, 0x0000025725157308]
Event: 43.047 Thread 0x00000257791b03e0 4152       3       java.lang.Character::toUpperCase (6 bytes)
Event: 43.047 Thread 0x00000257791b03e0 nmethod 4152 0x0000025725157390 code [0x0000025725157560, 0x00000257251577b8]
Event: 43.047 Thread 0x00000257791b03e0 4153       3       java.lang.Character::toUpperCase (9 bytes)
Event: 43.047 Thread 0x00000257791b03e0 nmethod 4153 0x0000025725157890 code [0x0000025725157a40, 0x0000025725157c38]
Event: 43.047 Thread 0x00000257791b03e0 4155       3       java.lang.ProcessEnvironment$NameComparator::compare (13 bytes)
Event: 43.047 Thread 0x00000257791b03e0 nmethod 4155 0x0000025725157d10 code [0x0000025725157ec0, 0x00000257251581e0]
Event: 43.047 Thread 0x00000257791b03e0 4158       3       java.lang.StringBuilder::charAt (6 bytes)
Event: 43.047 Thread 0x00000257791b03e0 nmethod 4158 0x0000025725158290 code [0x0000025725158440, 0x0000025725158580]

GC Heap History (20 events):
Event: 3.726 GC heap before
{Heap before GC invocations=1 (full 0):
 PSYoungGen      total 29696K, used 25600K [0x00000000d5580000, 0x00000000d7680000, 0x0000000100000000)
  eden space 25600K, 100% used [0x00000000d5580000,0x00000000d6e80000,0x00000000d6e80000)
  from space 4096K, 0% used [0x00000000d7280000,0x00000000d7280000,0x00000000d7680000)
  to   space 4096K, 0% used [0x00000000d6e80000,0x00000000d6e80000,0x00000000d7280000)
 ParOldGen       total 68608K, used 0K [0x0000000080000000, 0x0000000084300000, 0x00000000d5580000)
  object space 68608K, 0% used [0x0000000080000000,0x0000000080000000,0x0000000084300000)
 Metaspace       used 4367K, committed 4608K, reserved 1114112K
  class space    used 474K, committed 576K, reserved 1048576K
}
Event: 3.815 GC heap after
{Heap after GC invocations=1 (full 0):
 PSYoungGen      total 29696K, used 3303K [0x00000000d5580000, 0x00000000d7680000, 0x0000000100000000)
  eden space 25600K, 0% used [0x00000000d5580000,0x00000000d5580000,0x00000000d6e80000)
  from space 4096K, 80% used [0x00000000d6e80000,0x00000000d71b9e98,0x00000000d7280000)
  to   space 4096K, 0% used [0x00000000d7280000,0x00000000d7280000,0x00000000d7680000)
 ParOldGen       total 68608K, used 0K [0x0000000080000000, 0x0000000084300000, 0x00000000d5580000)
  object space 68608K, 0% used [0x0000000080000000,0x0000000080000000,0x0000000084300000)
 Metaspace       used 4367K, committed 4608K, reserved 1114112K
  class space    used 474K, committed 576K, reserved 1048576K
}
Event: 16.432 GC heap before
{Heap before GC invocations=2 (full 0):
 PSYoungGen      total 29696K, used 28903K [0x00000000d5580000, 0x00000000d7680000, 0x0000000100000000)
  eden space 25600K, 100% used [0x00000000d5580000,0x00000000d6e80000,0x00000000d6e80000)
  from space 4096K, 80% used [0x00000000d6e80000,0x00000000d71b9e98,0x00000000d7280000)
  to   space 4096K, 0% used [0x00000000d7280000,0x00000000d7280000,0x00000000d7680000)
 ParOldGen       total 68608K, used 0K [0x0000000080000000, 0x0000000084300000, 0x00000000d5580000)
  object space 68608K, 0% used [0x0000000080000000,0x0000000080000000,0x0000000084300000)
 Metaspace       used 8009K, committed 8320K, reserved 1114112K
  class space    used 831K, committed 960K, reserved 1048576K
}
Event: 16.436 GC heap after
{Heap after GC invocations=2 (full 0):
 PSYoungGen      total 29696K, used 4086K [0x00000000d5580000, 0x00000000d7680000, 0x0000000100000000)
  eden space 25600K, 0% used [0x00000000d5580000,0x00000000d5580000,0x00000000d6e80000)
  from space 4096K, 99% used [0x00000000d7280000,0x00000000d767d810,0x00000000d7680000)
  to   space 4096K, 0% used [0x00000000d6e80000,0x00000000d6e80000,0x00000000d7280000)
 ParOldGen       total 68608K, used 2036K [0x0000000080000000, 0x0000000084300000, 0x00000000d5580000)
  object space 68608K, 2% used [0x0000000080000000,0x00000000801fd098,0x0000000084300000)
 Metaspace       used 8009K, committed 8320K, reserved 1114112K
  class space    used 831K, committed 960K, reserved 1048576K
}
Event: 19.943 GC heap before
{Heap before GC invocations=3 (full 0):
 PSYoungGen      total 29696K, used 29499K [0x00000000d5580000, 0x00000000d7680000, 0x0000000100000000)
  eden space 25600K, 99% used [0x00000000d5580000,0x00000000d6e51670,0x00000000d6e80000)
  from space 4096K, 99% used [0x00000000d7280000,0x00000000d767d810,0x00000000d7680000)
  to   space 4096K, 0% used [0x00000000d6e80000,0x00000000d6e80000,0x00000000d7280000)
 ParOldGen       total 68608K, used 2036K [0x0000000080000000, 0x0000000084300000, 0x00000000d5580000)
  object space 68608K, 2% used [0x0000000080000000,0x00000000801fd098,0x0000000084300000)
 Metaspace       used 9451K, committed 9728K, reserved 1114112K
  class space    used 1005K, committed 1152K, reserved 1048576K
}
Event: 19.948 GC heap after
{Heap after GC invocations=3 (full 0):
 PSYoungGen      total 29696K, used 4087K [0x00000000d5580000, 0x00000000d7680000, 0x0000000100000000)
  eden space 25600K, 0% used [0x00000000d5580000,0x00000000d5580000,0x00000000d6e80000)
  from space 4096K, 99% used [0x00000000d6e80000,0x00000000d727dd70,0x00000000d7280000)
  to   space 4096K, 0% used [0x00000000d7280000,0x00000000d7280000,0x00000000d7680000)
 ParOldGen       total 68608K, used 5034K [0x0000000080000000, 0x0000000084300000, 0x00000000d5580000)
  object space 68608K, 7% used [0x0000000080000000,0x00000000804eab28,0x0000000084300000)
 Metaspace       used 9451K, committed 9728K, reserved 1114112K
  class space    used 1005K, committed 1152K, reserved 1048576K
}
Event: 33.739 GC heap before
{Heap before GC invocations=4 (full 0):
 PSYoungGen      total 29696K, used 29687K [0x00000000d5580000, 0x00000000d7680000, 0x0000000100000000)
  eden space 25600K, 100% used [0x00000000d5580000,0x00000000d6e80000,0x00000000d6e80000)
  from space 4096K, 99% used [0x00000000d6e80000,0x00000000d727dd70,0x00000000d7280000)
  to   space 4096K, 0% used [0x00000000d7280000,0x00000000d7280000,0x00000000d7680000)
 ParOldGen       total 68608K, used 5034K [0x0000000080000000, 0x0000000084300000, 0x00000000d5580000)
  object space 68608K, 7% used [0x0000000080000000,0x00000000804eab28,0x0000000084300000)
 Metaspace       used 11776K, committed 12160K, reserved 1114112K
  class space    used 1244K, committed 1408K, reserved 1048576K
}
Event: 33.743 GC heap after
{Heap after GC invocations=4 (full 0):
 PSYoungGen      total 29696K, used 4086K [0x00000000d5580000, 0x00000000d7680000, 0x0000000100000000)
  eden space 25600K, 0% used [0x00000000d5580000,0x00000000d5580000,0x00000000d6e80000)
  from space 4096K, 99% used [0x00000000d7280000,0x00000000d767db88,0x00000000d7680000)
  to   space 4096K, 0% used [0x00000000d6e80000,0x00000000d6e80000,0x00000000d7280000)
 ParOldGen       total 68608K, used 6690K [0x0000000080000000, 0x0000000084300000, 0x00000000d5580000)
  object space 68608K, 9% used [0x0000000080000000,0x00000000806889a8,0x0000000084300000)
 Metaspace       used 11776K, committed 12160K, reserved 1114112K
  class space    used 1244K, committed 1408K, reserved 1048576K
}
Event: 35.189 GC heap before
{Heap before GC invocations=5 (full 0):
 PSYoungGen      total 29696K, used 29686K [0x00000000d5580000, 0x00000000d7680000, 0x0000000100000000)
  eden space 25600K, 100% used [0x00000000d5580000,0x00000000d6e80000,0x00000000d6e80000)
  from space 4096K, 99% used [0x00000000d7280000,0x00000000d767db88,0x00000000d7680000)
  to   space 4096K, 0% used [0x00000000d6e80000,0x00000000d6e80000,0x00000000d7280000)
 ParOldGen       total 68608K, used 6690K [0x0000000080000000, 0x0000000084300000, 0x00000000d5580000)
  object space 68608K, 9% used [0x0000000080000000,0x00000000806889a8,0x0000000084300000)
 Metaspace       used 15327K, committed 15872K, reserved 1114112K
  class space    used 1581K, committed 1792K, reserved 1048576K
}
Event: 35.194 GC heap after
{Heap after GC invocations=5 (full 0):
 PSYoungGen      total 29184K, used 4091K [0x00000000d5580000, 0x00000000d7b00000, 0x0000000100000000)
  eden space 25088K, 0% used [0x00000000d5580000,0x00000000d5580000,0x00000000d6e00000)
  from space 4096K, 99% used [0x00000000d6e80000,0x00000000d727eef0,0x00000000d7280000)
  to   space 6656K, 0% used [0x00000000d7480000,0x00000000d7480000,0x00000000d7b00000)
 ParOldGen       total 68608K, used 8809K [0x0000000080000000, 0x0000000084300000, 0x00000000d5580000)
  object space 68608K, 12% used [0x0000000080000000,0x000000008089a758,0x0000000084300000)
 Metaspace       used 15327K, committed 15872K, reserved 1114112K
  class space    used 1581K, committed 1792K, reserved 1048576K
}
Event: 36.821 GC heap before
{Heap before GC invocations=6 (full 0):
 PSYoungGen      total 29184K, used 29179K [0x00000000d5580000, 0x00000000d7b00000, 0x0000000100000000)
  eden space 25088K, 100% used [0x00000000d5580000,0x00000000d6e00000,0x00000000d6e00000)
  from space 4096K, 99% used [0x00000000d6e80000,0x00000000d727eef0,0x00000000d7280000)
  to   space 6656K, 0% used [0x00000000d7480000,0x00000000d7480000,0x00000000d7b00000)
 ParOldGen       total 68608K, used 8809K [0x0000000080000000, 0x0000000084300000, 0x00000000d5580000)
  object space 68608K, 12% used [0x0000000080000000,0x000000008089a758,0x0000000084300000)
 Metaspace       used 18652K, committed 19456K, reserved 1114112K
  class space    used 1947K, committed 2304K, reserved 1048576K
}
Event: 36.826 GC heap after
{Heap after GC invocations=6 (full 0):
 PSYoungGen      total 30208K, used 5431K [0x00000000d5580000, 0x00000000d7a00000, 0x0000000100000000)
  eden space 24576K, 0% used [0x00000000d5580000,0x00000000d5580000,0x00000000d6d80000)
  from space 5632K, 96% used [0x00000000d7480000,0x00000000d79cde90,0x00000000d7a00000)
  to   space 6144K, 0% used [0x00000000d6e00000,0x00000000d6e00000,0x00000000d7400000)
 ParOldGen       total 68608K, used 8817K [0x0000000080000000, 0x0000000084300000, 0x00000000d5580000)
  object space 68608K, 12% used [0x0000000080000000,0x000000008089c758,0x0000000084300000)
 Metaspace       used 18652K, committed 19456K, reserved 1114112K
  class space    used 1947K, committed 2304K, reserved 1048576K
}
Event: 37.591 GC heap before
{Heap before GC invocations=7 (full 0):
 PSYoungGen      total 30208K, used 27472K [0x00000000d5580000, 0x00000000d7a00000, 0x0000000100000000)
  eden space 24576K, 89% used [0x00000000d5580000,0x00000000d6b06250,0x00000000d6d80000)
  from space 5632K, 96% used [0x00000000d7480000,0x00000000d79cde90,0x00000000d7a00000)
  to   space 6144K, 0% used [0x00000000d6e00000,0x00000000d6e00000,0x00000000d7400000)
 ParOldGen       total 68608K, used 8817K [0x0000000080000000, 0x0000000084300000, 0x00000000d5580000)
  object space 68608K, 12% used [0x0000000080000000,0x000000008089c758,0x0000000084300000)
 Metaspace       used 20758K, committed 21504K, reserved 1114112K
  class space    used 2191K, committed 2496K, reserved 1048576K
}
Event: 37.597 GC heap after
{Heap after GC invocations=7 (full 0):
 PSYoungGen      total 29184K, used 4574K [0x00000000d5580000, 0x00000000d7780000, 0x0000000100000000)
  eden space 24576K, 0% used [0x00000000d5580000,0x00000000d5580000,0x00000000d6d80000)
  from space 4608K, 99% used [0x00000000d6e00000,0x00000000d7277998,0x00000000d7280000)
  to   space 5120K, 0% used [0x00000000d7280000,0x00000000d7280000,0x00000000d7780000)
 ParOldGen       total 68608K, used 10498K [0x0000000080000000, 0x0000000084300000, 0x00000000d5580000)
  object space 68608K, 15% used [0x0000000080000000,0x0000000080a40ad0,0x0000000084300000)
 Metaspace       used 20758K, committed 21504K, reserved 1114112K
  class space    used 2191K, committed 2496K, reserved 1048576K
}
Event: 37.597 GC heap before
{Heap before GC invocations=8 (full 1):
 PSYoungGen      total 29184K, used 4574K [0x00000000d5580000, 0x00000000d7780000, 0x0000000100000000)
  eden space 24576K, 0% used [0x00000000d5580000,0x00000000d5580000,0x00000000d6d80000)
  from space 4608K, 99% used [0x00000000d6e00000,0x00000000d7277998,0x00000000d7280000)
  to   space 5120K, 0% used [0x00000000d7280000,0x00000000d7280000,0x00000000d7780000)
 ParOldGen       total 68608K, used 10498K [0x0000000080000000, 0x0000000084300000, 0x00000000d5580000)
  object space 68608K, 15% used [0x0000000080000000,0x0000000080a40ad0,0x0000000084300000)
 Metaspace       used 20758K, committed 21504K, reserved 1114112K
  class space    used 2191K, committed 2496K, reserved 1048576K
}
Event: 37.626 GC heap after
{Heap after GC invocations=8 (full 1):
 PSYoungGen      total 29184K, used 0K [0x00000000d5580000, 0x00000000d7780000, 0x0000000100000000)
  eden space 24576K, 0% used [0x00000000d5580000,0x00000000d5580000,0x00000000d6d80000)
  from space 4608K, 0% used [0x00000000d6e00000,0x00000000d6e00000,0x00000000d7280000)
  to   space 5120K, 0% used [0x00000000d7280000,0x00000000d7280000,0x00000000d7780000)
 ParOldGen       total 68608K, used 13757K [0x0000000080000000, 0x0000000084300000, 0x00000000d5580000)
  object space 68608K, 20% used [0x0000000080000000,0x0000000080d6f400,0x0000000084300000)
 Metaspace       used 20746K, committed 21504K, reserved 1114112K
  class space    used 2187K, committed 2496K, reserved 1048576K
}
Event: 37.853 GC heap before
{Heap before GC invocations=9 (full 1):
 PSYoungGen      total 29184K, used 24571K [0x00000000d5580000, 0x00000000d7780000, 0x0000000100000000)
  eden space 24576K, 99% used [0x00000000d5580000,0x00000000d6d7eef8,0x00000000d6d80000)
  from space 4608K, 0% used [0x00000000d6e00000,0x00000000d6e00000,0x00000000d7280000)
  to   space 5120K, 0% used [0x00000000d7280000,0x00000000d7280000,0x00000000d7780000)
 ParOldGen       total 68608K, used 13757K [0x0000000080000000, 0x0000000084300000, 0x00000000d5580000)
  object space 68608K, 20% used [0x0000000080000000,0x0000000080d6f400,0x0000000084300000)
 Metaspace       used 23264K, committed 24064K, reserved 1114112K
  class space    used 2358K, committed 2688K, reserved 1048576K
}
Event: 37.855 GC heap after
{Heap after GC invocations=9 (full 1):
 PSYoungGen      total 25088K, used 545K [0x00000000d5580000, 0x00000000d7380000, 0x0000000100000000)
  eden space 24064K, 0% used [0x00000000d5580000,0x00000000d5580000,0x00000000d6d00000)
  from space 1024K, 53% used [0x00000000d7280000,0x00000000d7308400,0x00000000d7380000)
  to   space 2560K, 0% used [0x00000000d6e80000,0x00000000d6e80000,0x00000000d7100000)
 ParOldGen       total 68608K, used 13757K [0x0000000080000000, 0x0000000084300000, 0x00000000d5580000)
  object space 68608K, 20% used [0x0000000080000000,0x0000000080d6f400,0x0000000084300000)
 Metaspace       used 23264K, committed 24064K, reserved 1114112K
  class space    used 2358K, committed 2688K, reserved 1048576K
}
Event: 38.347 GC heap before
{Heap before GC invocations=10 (full 1):
 PSYoungGen      total 25088K, used 24609K [0x00000000d5580000, 0x00000000d7380000, 0x0000000100000000)
  eden space 24064K, 100% used [0x00000000d5580000,0x00000000d6d00000,0x00000000d6d00000)
  from space 1024K, 53% used [0x00000000d7280000,0x00000000d7308400,0x00000000d7380000)
  to   space 2560K, 0% used [0x00000000d6e80000,0x00000000d6e80000,0x00000000d7100000)
 ParOldGen       total 68608K, used 13757K [0x0000000080000000, 0x0000000084300000, 0x00000000d5580000)
  object space 68608K, 20% used [0x0000000080000000,0x0000000080d6f400,0x0000000084300000)
 Metaspace       used 26572K, committed 27456K, reserved 1114112K
  class space    used 2607K, committed 2944K, reserved 1048576K
}
Event: 38.349 GC heap after
{Heap after GC invocations=10 (full 1):
 PSYoungGen      total 26112K, used 2459K [0x00000000d5580000, 0x00000000d7300000, 0x0000000100000000)
  eden space 23552K, 0% used [0x00000000d5580000,0x00000000d5580000,0x00000000d6c80000)
  from space 2560K, 96% used [0x00000000d6e80000,0x00000000d70e6d50,0x00000000d7100000)
  to   space 2048K, 0% used [0x00000000d7100000,0x00000000d7100000,0x00000000d7300000)
 ParOldGen       total 68608K, used 13757K [0x0000000080000000, 0x0000000084300000, 0x00000000d5580000)
  object space 68608K, 20% used [0x0000000080000000,0x0000000080d6f400,0x0000000084300000)
 Metaspace       used 26572K, committed 27456K, reserved 1114112K
  class space    used 2607K, committed 2944K, reserved 1048576K
}

Dll operation events (10 events):
Event: 1.037 Loaded shared library c:\Users\User\.trae\extensions\redhat.java-1.53.0-win32-x64\jre\21.0.10-win32-x86_64\bin\java.dll
Event: 1.523 Loaded shared library c:\Users\User\.trae\extensions\redhat.java-1.53.0-win32-x64\jre\21.0.10-win32-x86_64\bin\zip.dll
Event: 1.565 Loaded shared library C:\Users\User\.trae\extensions\redhat.java-1.53.0-win32-x64\jre\21.0.10-win32-x86_64\bin\instrument.dll
Event: 1.574 Loaded shared library C:\Users\User\.trae\extensions\redhat.java-1.53.0-win32-x64\jre\21.0.10-win32-x86_64\bin\net.dll
Event: 1.636 Loaded shared library C:\Users\User\.trae\extensions\redhat.java-1.53.0-win32-x64\jre\21.0.10-win32-x86_64\bin\nio.dll
Event: 1.638 Loaded shared library C:\Users\User\.trae\extensions\redhat.java-1.53.0-win32-x64\jre\21.0.10-win32-x86_64\bin\zip.dll
Event: 1.778 Loaded shared library C:\Users\User\.trae\extensions\redhat.java-1.53.0-win32-x64\jre\21.0.10-win32-x86_64\bin\jimage.dll
Event: 2.086 Loaded shared library c:\Users\User\.trae\extensions\redhat.java-1.53.0-win32-x64\jre\21.0.10-win32-x86_64\bin\verify.dll
Event: 16.672 Loaded shared library C:\Users\User\AppData\Roaming\Trae\User\globalStorage\redhat.java\1.53.0\config_win\org.eclipse.equinox.launcher\org.eclipse.equinox.launcher.win32.win32.x86_64_1.3.0.v20260203-2149\eclipse_11919.dll
Event: 36.066 Loaded shared library C:\Users\User\AppData\Local\Temp\jna-2645995\jna13810941853258824397.dll

Deoptimization events (20 events):
Event: 43.047 Thread 0x00000257791a7dd0 Uncommon trap: trap_request=0xffffffde fr.pc=0x000002572c548dcc relative=0x000000000000010c
Event: 43.047 Thread 0x00000257791a7dd0 Uncommon trap: reason=class_check action=maybe_recompile pc=0x000002572c548dcc method=java.lang.Character.codePointAt(Ljava/lang/CharSequence;I)I @ 2 c2
Event: 43.047 Thread 0x00000257791a7dd0 DEOPT PACKING pc=0x000002572c548dcc sp=0x00000076f76fe8b0
Event: 43.047 Thread 0x00000257791a7dd0 DEOPT UNPACKING pc=0x000002572be33aa2 sp=0x00000076f76fe838 mode 2
Event: 43.047 Thread 0x00000257791a7dd0 Uncommon trap: trap_request=0xffffffde fr.pc=0x000002572c548dcc relative=0x000000000000010c
Event: 43.047 Thread 0x00000257791a7dd0 Uncommon trap: reason=class_check action=maybe_recompile pc=0x000002572c548dcc method=java.lang.Character.codePointAt(Ljava/lang/CharSequence;I)I @ 2 c2
Event: 43.047 Thread 0x00000257791a7dd0 DEOPT PACKING pc=0x000002572c548dcc sp=0x00000076f76fe8b0
Event: 43.047 Thread 0x00000257791a7dd0 DEOPT UNPACKING pc=0x000002572be33aa2 sp=0x00000076f76fe838 mode 2
Event: 43.047 Thread 0x00000257791a7dd0 Uncommon trap: trap_request=0xffffffde fr.pc=0x000002572c548dcc relative=0x000000000000010c
Event: 43.047 Thread 0x00000257791a7dd0 Uncommon trap: reason=class_check action=maybe_recompile pc=0x000002572c548dcc method=java.lang.Character.codePointAt(Ljava/lang/CharSequence;I)I @ 2 c2
Event: 43.047 Thread 0x00000257791a7dd0 DEOPT PACKING pc=0x000002572c548dcc sp=0x00000076f76fe8b0
Event: 43.047 Thread 0x00000257791a7dd0 DEOPT UNPACKING pc=0x000002572be33aa2 sp=0x00000076f76fe838 mode 2
Event: 43.047 Thread 0x00000257791a7dd0 Uncommon trap: trap_request=0xffffffde fr.pc=0x000002572c548dcc relative=0x000000000000010c
Event: 43.047 Thread 0x00000257791a7dd0 Uncommon trap: reason=class_check action=maybe_recompile pc=0x000002572c548dcc method=java.lang.Character.codePointAt(Ljava/lang/CharSequence;I)I @ 2 c2
Event: 43.047 Thread 0x00000257791a7dd0 DEOPT PACKING pc=0x000002572c548dcc sp=0x00000076f76fe8b0
Event: 43.047 Thread 0x00000257791a7dd0 DEOPT UNPACKING pc=0x000002572be33aa2 sp=0x00000076f76fe838 mode 2
Event: 43.047 Thread 0x00000257791a7dd0 Uncommon trap: trap_request=0xffffff76 fr.pc=0x000002572c526c88 relative=0x00000000000003a8
Event: 43.047 Thread 0x00000257791a7dd0 Uncommon trap: reason=predicate action=maybe_recompile pc=0x000002572c526c88 method=java.util.regex.Pattern$BmpCharPropertyGreedy.match(Ljava/util/regex/Matcher;ILjava/lang/CharSequence;)Z @ 12 c2
Event: 43.047 Thread 0x00000257791a7dd0 DEOPT PACKING pc=0x000002572c526c88 sp=0x00000076f76fe7e0
Event: 43.047 Thread 0x00000257791a7dd0 DEOPT UNPACKING pc=0x000002572be33aa2 sp=0x00000076f76fe798 mode 2

Classes loaded (20 events):
Event: 38.630 Loading class java/nio/channels/AsynchronousChannel done
Event: 38.630 Loading class java/nio/channels/AsynchronousByteChannel done
Event: 38.630 Loading class java/net/Authenticator
Event: 38.630 Loading class java/net/Authenticator done
Event: 38.647 Loading class java/lang/ProcessEnvironment
Event: 38.647 Loading class java/lang/ProcessEnvironment done
Event: 38.694 Loading class java/lang/invoke/MethodHandleImpl$CountingWrapper
Event: 38.694 Loading class java/lang/invoke/MethodHandleImpl$CountingWrapper done
Event: 43.043 Loading class java/lang/ProcessEnvironment$NameComparator
Event: 43.043 Loading class java/lang/ProcessEnvironment$NameComparator done
Event: 43.043 Loading class java/lang/ProcessEnvironment$EntryComparator
Event: 43.043 Loading class java/lang/ProcessEnvironment$EntryComparator done
Event: 43.043 Loading class java/lang/ProcessEnvironment$CheckedEntrySet
Event: 43.043 Loading class java/lang/ProcessEnvironment$CheckedEntrySet done
Event: 43.043 Loading class java/lang/ProcessEnvironment$CheckedEntrySet$1
Event: 43.043 Loading class java/lang/ProcessEnvironment$CheckedEntrySet$1 done
Event: 43.043 Loading class java/lang/ProcessEnvironment$CheckedEntry
Event: 43.043 Loading class java/lang/ProcessEnvironment$CheckedEntry done
Event: 43.047 Loading class java/io/FileReader
Event: 43.047 Loading class java/io/FileReader done

Classes unloaded (7 events):
Event: 37.605 Thread 0x0000025721766af0 Unloading class 0x00000257391a5400 'java/lang/invoke/LambdaForm$MH+0x00000257391a5400'
Event: 37.605 Thread 0x0000025721766af0 Unloading class 0x00000257391a5000 'java/lang/invoke/LambdaForm$MH+0x00000257391a5000'
Event: 37.605 Thread 0x0000025721766af0 Unloading class 0x00000257391a4c00 'java/lang/invoke/LambdaForm$MH+0x00000257391a4c00'
Event: 37.605 Thread 0x0000025721766af0 Unloading class 0x00000257391a4800 'java/lang/invoke/LambdaForm$MH+0x00000257391a4800'
Event: 37.605 Thread 0x0000025721766af0 Unloading class 0x00000257391a4400 'java/lang/invoke/LambdaForm$BMH+0x00000257391a4400'
Event: 37.605 Thread 0x0000025721766af0 Unloading class 0x00000257391a4000 'java/lang/invoke/LambdaForm$DMH+0x00000257391a4000'
Event: 37.605 Thread 0x0000025721766af0 Unloading class 0x00000257391a2c00 'java/lang/invoke/LambdaForm$DMH+0x00000257391a2c00'

Classes redefined (0 events):
No events

Internal exceptions (20 events):
Event: 36.791 Thread 0x000002577ea70bb0 Exception <a 'java/lang/NoSuchMethodError'{0x00000000d6b7df00}: 'java.lang.Object java.lang.invoke.DirectMethodHandle$Holder.invokeInterface(java.lang.Object, java.lang.Object, java.lang.Object)'> (0x00000000d6b7df00) 
thrown [s\src\hotspot\share\interpreter\linkResolver.cpp, line 773]
Event: 36.858 Thread 0x000002577ea70bb0 Exception <a 'java/lang/NoSuchMethodError'{0x00000000d57ce3f8}: 'java.lang.Object java.lang.invoke.Invokers$Holder.linkToTargetMethod(java.lang.Object, long, java.lang.Object, java.lang.Object)'> (0x00000000d57ce3f8) 
thrown [s\src\hotspot\share\interpreter\linkResolver.cpp, line 773]
Event: 37.032 Thread 0x000002577ea70bb0 Exception <a 'java/io/FileNotFoundException'{0x00000000d5f88758}> (0x00000000d5f88758) 
thrown [s\src\hotspot\share\prims\jni.cpp, line 520]
Event: 37.033 Thread 0x000002577ea70bb0 Exception <a 'java/lang/NoSuchMethodError'{0x00000000d5f90f50}: 'java.lang.Object java.lang.invoke.DirectMethodHandle$Holder.newInvokeSpecial(java.lang.Object, int, java.lang.Object, java.lang.Object)'> (0x00000000d5f90f50) 
thrown [s\src\hotspot\share\interpreter\linkResolver.cpp, line 773]
Event: 37.563 Thread 0x000002577ea70bb0 Exception <a 'java/lang/NoSuchMethodError'{0x00000000d67e92d8}: 'long java.lang.invoke.Invokers$Holder.invokeExact_MT(java.lang.Object, java.lang.Object)'> (0x00000000d67e92d8) 
thrown [s\src\hotspot\share\interpreter\linkResolver.cpp, line 773]
Event: 37.654 Thread 0x000002577ea70bb0 Exception <a 'java/lang/NoSuchMethodError'{0x00000000d5883ef0}: 'double java.lang.invoke.DirectMethodHandle$Holder.invokeStatic(java.lang.Object, java.lang.Object)'> (0x00000000d5883ef0) 
thrown [s\src\hotspot\share\interpreter\linkResolver.cpp, line 773]
Event: 37.655 Thread 0x000002577ea70bb0 Exception <a 'java/lang/NoSuchMethodError'{0x00000000d5887890}: 'double java.lang.invoke.DirectMethodHandle$Holder.invokeStaticInit(java.lang.Object, java.lang.Object)'> (0x00000000d5887890) 
thrown [s\src\hotspot\share\interpreter\linkResolver.cpp, line 773]
Event: 38.098 Thread 0x000002577ea70bb0 Implicit null exception at 0x000002572c54a2f5 to 0x000002572c54a3e8
Event: 38.604 Thread 0x00000257791a7dd0 Exception <a 'java/lang/NoSuchMethodError'{0x00000000d664dc88}: 'java.lang.Object java.lang.invoke.DirectMethodHandle$Holder.invokeStaticInit(java.lang.Object, java.lang.Object, java.lang.Object, java.lang.Object, java.lang.Object, java.lang.Object, java.lang.Object)'> (0x00000000d664dc88) 
thrown [s\src\hotspot\share\interpreter\linkResolver.cpp, line 773]
Event: 38.605 Thread 0x00000257791a7dd0 Exception <a 'java/lang/NoSuchMethodError'{0x00000000d66526a0}: 'java.lang.Object java.lang.invoke.Invokers$Holder.invoke_MT(java.lang.Object, java.lang.Object, java.lang.Object, java.lang.Object, java.lang.Object, java.lang.Object, java.lang.Object, java.lang.Object, java.lang.Object)'> (0x00000000d66526a0) 
thrown [s\src\hotspot\share\interpreter\linkResolver.cpp, line 773]
Event: 38.607 Thread 0x00000257791a7dd0 Exception <a 'java/lang/NoSuchMethodError'{0x00000000d6692f18}: 'int java.lang.invoke.DirectMethodHandle$Holder.invokeVirtual(java.lang.Object, java.lang.Object, java.lang.Object)'> (0x00000000d6692f18) 
thrown [s\src\hotspot\share\interpreter\linkResolver.cpp, line 773]
Event: 38.608 Thread 0x00000257791a7dd0 Exception <a 'java/lang/NoSuchMethodError'{0x00000000d66970e0}: 'int java.lang.invoke.DirectMethodHandle$Holder.invokeStaticInit(java.lang.Object, int, int)'> (0x00000000d66970e0) 
thrown [s\src\hotspot\share\interpreter\linkResolver.cpp, line 773]
Event: 38.608 Thread 0x00000257791a7dd0 Exception <a 'java/lang/NoSuchMethodError'{0x00000000d669e688}: 'int java.lang.invoke.DirectMethodHandle$Holder.invokeStaticInit(java.lang.Object, long, long)'> (0x00000000d669e688) 
thrown [s\src\hotspot\share\interpreter\linkResolver.cpp, line 773]
Event: 38.609 Thread 0x00000257791a7dd0 Exception <a 'java/lang/NoSuchMethodError'{0x00000000d66a54e8}: 'int java.lang.invoke.DirectMethodHandle$Holder.invokeStaticInit(java.lang.Object, float, float)'> (0x00000000d66a54e8) 
thrown [s\src\hotspot\share\interpreter\linkResolver.cpp, line 773]
Event: 38.609 Thread 0x00000257791a7dd0 Exception <a 'java/lang/NoSuchMethodError'{0x00000000d66ac0b8}: 'int java.lang.invoke.DirectMethodHandle$Holder.invokeStaticInit(java.lang.Object, double, double)'> (0x00000000d66ac0b8) 
thrown [s\src\hotspot\share\interpreter\linkResolver.cpp, line 773]
Event: 38.609 Thread 0x00000257791a7dd0 Exception <a 'java/lang/NoSuchMethodError'{0x00000000d66b0710}: 'int java.lang.invoke.DirectMethodHandle$Holder.invokeStatic(java.lang.Object, long)'> (0x00000000d66b0710) 
thrown [s\src\hotspot\share\interpreter\linkResolver.cpp, line 773]
Event: 38.611 Thread 0x00000257791a7dd0 Exception <a 'java/lang/NoSuchMethodError'{0x00000000d66cf4b0}: 'int java.lang.invoke.Invokers$Holder.linkToTargetMethod(java.lang.Object, java.lang.Object)'> (0x00000000d66cf4b0) 
thrown [s\src\hotspot\share\interpreter\linkResolver.cpp, line 773]
Event: 38.691 Thread 0x00000257791a7740 Exception <a 'java/lang/NoSuchMethodError'{0x00000000d688b158}: 'int java.lang.invoke.DirectMethodHandle$Holder.invokeSpecial(java.lang.Object, java.lang.Object, java.lang.Object, java.lang.Object)'> (0x00000000d688b158) 
thrown [s\src\hotspot\share\interpreter\linkResolver.cpp, line 773]
Event: 38.694 Thread 0x00000257791a7740 Exception <a 'java/lang/NoSuchMethodError'{0x00000000d68a2d80}: 'java.lang.Object java.lang.invoke.DirectMethodHandle$Holder.invokeStatic(java.lang.Object, int, java.lang.Object, java.lang.Object)'> (0x00000000d68a2d80) 
thrown [s\src\hotspot\share\interpreter\linkResolver.cpp, line 773]
Event: 38.694 Thread 0x00000257791a7740 Exception <a 'java/lang/NoSuchMethodError'{0x00000000d68a67a0}: 'java.lang.Object java.lang.invoke.DelegatingMethodHandle$Holder.delegate(java.lang.Object, int, java.lang.Object, java.lang.Object)'> (0x00000000d68a67a0) 
thrown [s\src\hotspot\share\interpreter\linkResolver.cpp, line 773]

ZGC Phase Switch (0 events):
No events

VM Operations (20 events):
Event: 36.539 Executing safepoint VM operation: Cleanup
Event: 36.540 Executing safepoint VM operation: Cleanup done
Event: 36.732 Executing non-safepoint VM operation: HandshakeAllThreads (Deoptimize)
Event: 36.732 Executing non-safepoint VM operation: HandshakeAllThreads (Deoptimize) done
Event: 36.737 Executing non-safepoint VM operation: HandshakeAllThreads (Deoptimize)
Event: 36.738 Executing non-safepoint VM operation: HandshakeAllThreads (Deoptimize) done
Event: 36.821 Executing safepoint VM operation: ParallelGCFailedAllocation (Allocation Failure)
Event: 36.826 Executing safepoint VM operation: ParallelGCFailedAllocation (Allocation Failure) done
Event: 37.591 Executing safepoint VM operation: CollectForMetadataAllocation (Metadata GC Threshold)
Event: 37.626 Executing safepoint VM operation: CollectForMetadataAllocation (Metadata GC Threshold) done
Event: 37.853 Executing safepoint VM operation: ParallelGCFailedAllocation (Allocation Failure)
Event: 37.855 Executing safepoint VM operation: ParallelGCFailedAllocation (Allocation Failure) done
Event: 38.347 Executing safepoint VM operation: ParallelGCFailedAllocation (Allocation Failure)
Event: 38.349 Executing safepoint VM operation: ParallelGCFailedAllocation (Allocation Failure) done
Event: 38.614 Executing non-safepoint VM operation: HandshakeAllThreads (Deoptimize)
Event: 43.041 Executing non-safepoint VM operation: HandshakeAllThreads (Deoptimize) done
Event: 43.041 Executing safepoint VM operation: Cleanup
Event: 43.041 Executing safepoint VM operation: Cleanup done
Event: 43.043 Executing non-safepoint VM operation: HandshakeAllThreads (Deoptimize)
Event: 43.043 Executing non-safepoint VM operation: HandshakeAllThreads (Deoptimize) done

Memory protections (0 events):
No events

Nmethod flushes (0 events):
No events

Events (20 events):
Event: 16.921 Thread 0x00000257216a8480 Thread added: 0x000002577ea70bb0
Event: 17.336 Thread 0x00000257791b03e0 Thread added: 0x000002577e5039d0
Event: 17.961 Thread 0x000002577e5039d0 Thread exited: 0x000002577e5039d0
Event: 20.378 Thread 0x000002577ea70bb0 Thread added: 0x000002577e27e430
Event: 33.679 Thread 0x000002577ea70bb0 Thread added: 0x000002577eb7bf00
Event: 34.310 Thread 0x00000257791b03e0 Thread added: 0x000002577eb63530
Event: 34.669 Thread 0x000002577ea70bb0 Thread added: 0x000002577ed315b0
Event: 35.276 Thread 0x000002577eb63530 Thread exited: 0x000002577eb63530
Event: 36.136 Thread 0x000002577ea70bb0 Thread added: 0x00000257791a6a20
Event: 36.205 Thread 0x000002577ea70bb0 Thread added: 0x00000257791a7dd0
Event: 36.350 Thread 0x000002577ea70bb0 Thread added: 0x00000257791a7740
Event: 37.017 Thread 0x00000257791b03e0 Thread added: 0x000002577f7963d0
Event: 37.398 Thread 0x000002577f7963d0 Thread exited: 0x000002577f7963d0
Event: 37.726 Thread 0x00000257791b03e0 Thread added: 0x000002577ef5e960
Event: 37.839 Thread 0x000002577ef5e960 Thread exited: 0x000002577ef5e960
Event: 38.415 Thread 0x00000257791b03e0 Thread added: 0x0000025700964fe0
Event: 38.583 Thread 0x000002577ea70bb0 Thread added: 0x00000257791a70b0
Event: 38.690 Thread 0x00000257791a7740 Thread added: 0x000002577f5b3790
Event: 38.826 Thread 0x0000025700964fe0 Thread exited: 0x0000025700964fe0
Event: 38.917 Thread 0x000002577f5b3790 Thread added: 0x000002577f5af5f0


Dynamic libraries:
0x00007ff761560000 - 0x00007ff76156e000 	c:\Users\User\.trae\extensions\redhat.java-1.53.0-win32-x64\jre\21.0.10-win32-x86_64\bin\java.exe
0x00007ffd02b90000 - 0x00007ffd02d7d000 	C:\WINDOWS\SYSTEM32\ntdll.dll
0x00007ffcfb520000 - 0x00007ffcfb540000 	C:\Program Files\Avast Software\Avast\aswhook.dll
0x00007ffd01930000 - 0x00007ffd019e3000 	C:\WINDOWS\System32\KERNEL32.DLL
0x00007ffcff140000 - 0x00007ffcff3d5000 	C:\WINDOWS\System32\KERNELBASE.dll
0x00007ffcfec90000 - 0x00007ffcfed8a000 	C:\WINDOWS\System32\ucrtbase.dll
0x00007ffce8710000 - 0x00007ffce8728000 	c:\Users\User\.trae\extensions\redhat.java-1.53.0-win32-x64\jre\21.0.10-win32-x86_64\bin\jli.dll
0x00007ffd01550000 - 0x00007ffd016e7000 	C:\WINDOWS\System32\USER32.dll
0x00007ffcff580000 - 0x00007ffcff5a0000 	C:\WINDOWS\System32\win32u.dll
0x00007ffd019f0000 - 0x00007ffd01a19000 	C:\WINDOWS\System32\GDI32.dll
0x00007ffcfefa0000 - 0x00007ffcff13c000 	C:\WINDOWS\System32\gdi32full.dll
0x00007ffcff4e0000 - 0x00007ffcff580000 	C:\WINDOWS\System32\msvcp_win.dll
0x00007ffce8660000 - 0x00007ffce867e000 	c:\Users\User\.trae\extensions\redhat.java-1.53.0-win32-x64\jre\21.0.10-win32-x86_64\bin\VCRUNTIME140.dll
0x00007ffce3a30000 - 0x00007ffce3ca9000 	C:\WINDOWS\WinSxS\amd64_microsoft.windows.common-controls_6595b64144ccf1df_6.0.17763.1577_none_de7444545348a3d0\COMCTL32.dll
0x00007ffd02a20000 - 0x00007ffd02abe000 	C:\WINDOWS\System32\msvcrt.dll
0x00007ffd01fc0000 - 0x00007ffd022ed000 	C:\WINDOWS\System32\combase.dll
0x00007ffd01a90000 - 0x00007ffd01bb2000 	C:\WINDOWS\System32\RPCRT4.dll
0x00007ffcff3e0000 - 0x00007ffcff45e000 	C:\WINDOWS\System32\bcryptPrimitives.dll
0x00007ffcffdb0000 - 0x00007ffcffdde000 	C:\WINDOWS\System32\IMM32.DLL
0x00007ffcfb470000 - 0x00007ffcfb47c000 	c:\Users\User\.trae\extensions\redhat.java-1.53.0-win32-x64\jre\21.0.10-win32-x86_64\bin\vcruntime140_1.dll
0x00007ffcd48c0000 - 0x00007ffcd494d000 	c:\Users\User\.trae\extensions\redhat.java-1.53.0-win32-x64\jre\21.0.10-win32-x86_64\bin\msvcp140.dll
0x00007ffcb51b0000 - 0x00007ffcb5f51000 	c:\Users\User\.trae\extensions\redhat.java-1.53.0-win32-x64\jre\21.0.10-win32-x86_64\bin\server\jvm.dll
0x00007ffd01440000 - 0x00007ffd014e3000 	C:\WINDOWS\System32\ADVAPI32.dll
0x00007ffd02ac0000 - 0x00007ffd02b5e000 	C:\WINDOWS\System32\sechost.dll
0x00007ffcfebe0000 - 0x00007ffcfec3d000 	C:\WINDOWS\System32\POWRPROF.dll
0x00007ffd01a20000 - 0x00007ffd01a8d000 	C:\WINDOWS\System32\WS2_32.dll
0x00007ffcfab90000 - 0x00007ffcfabb4000 	C:\WINDOWS\SYSTEM32\WINMM.dll
0x00007ffcfaa40000 - 0x00007ffcfaa4a000 	C:\WINDOWS\SYSTEM32\VERSION.dll
0x00007ffcfaaf0000 - 0x00007ffcfab1d000 	C:\WINDOWS\SYSTEM32\WINMMBASE.dll
0x00007ffcfec40000 - 0x00007ffcfec8a000 	C:\WINDOWS\System32\cfgmgr32.dll
0x00007ffcfeb70000 - 0x00007ffcfeb81000 	C:\WINDOWS\System32\kernel.appcore.dll
0x00007ffcf7a20000 - 0x00007ffcf7a2a000 	c:\Users\User\.trae\extensions\redhat.java-1.53.0-win32-x64\jre\21.0.10-win32-x86_64\bin\jimage.dll
0x00007ffcf9110000 - 0x00007ffcf92fd000 	C:\WINDOWS\SYSTEM32\DBGHELP.DLL
0x00007ffcf8f70000 - 0x00007ffcf8f9a000 	C:\WINDOWS\SYSTEM32\dbgcore.DLL
0x00007ffce87e0000 - 0x00007ffce87ef000 	c:\Users\User\.trae\extensions\redhat.java-1.53.0-win32-x64\jre\21.0.10-win32-x86_64\bin\instrument.dll
0x00007ffce8640000 - 0x00007ffce8660000 	c:\Users\User\.trae\extensions\redhat.java-1.53.0-win32-x64\jre\21.0.10-win32-x86_64\bin\java.dll
0x00007ffcffe90000 - 0x00007ffd01389000 	C:\WINDOWS\System32\SHELL32.dll
0x00007ffd01390000 - 0x00007ffd01438000 	C:\WINDOWS\System32\shcore.dll
0x00007ffcff5a0000 - 0x00007ffcffcf3000 	C:\WINDOWS\System32\windows.storage.dll
0x00007ffcfebb0000 - 0x00007ffcfebd4000 	C:\WINDOWS\System32\profapi.dll
0x00007ffd01df0000 - 0x00007ffd01e42000 	C:\WINDOWS\System32\shlwapi.dll
0x00007ffcff4c0000 - 0x00007ffcff4d7000 	C:\WINDOWS\System32\cryptsp.dll
0x00007ffce8620000 - 0x00007ffce8638000 	c:\Users\User\.trae\extensions\redhat.java-1.53.0-win32-x64\jre\21.0.10-win32-x86_64\bin\zip.dll
0x00007ffce8570000 - 0x00007ffce8580000 	C:\Users\User\.trae\extensions\redhat.java-1.53.0-win32-x64\jre\21.0.10-win32-x86_64\bin\net.dll
0x00007ffcfa870000 - 0x00007ffcfa964000 	C:\WINDOWS\SYSTEM32\WINHTTP.dll
0x00007ffcfe380000 - 0x00007ffcfe3e7000 	C:\WINDOWS\system32\mswsock.dll
0x00007ffce5640000 - 0x00007ffce5656000 	C:\Users\User\.trae\extensions\redhat.java-1.53.0-win32-x64\jre\21.0.10-win32-x86_64\bin\nio.dll
0x00007ffce6d60000 - 0x00007ffce6d70000 	c:\Users\User\.trae\extensions\redhat.java-1.53.0-win32-x64\jre\21.0.10-win32-x86_64\bin\verify.dll
0x00007ffcd00c0000 - 0x00007ffcd0105000 	C:\Users\User\AppData\Roaming\Trae\User\globalStorage\redhat.java\1.53.0\config_win\org.eclipse.equinox.launcher\org.eclipse.equinox.launcher.win32.win32.x86_64_1.3.0.v20260203-2149\eclipse_11919.dll
0x00007ffd01e50000 - 0x00007ffd01fa6000 	C:\WINDOWS\System32\ole32.dll
0x00007ffcfdf00000 - 0x00007ffcfdf33000 	C:\WINDOWS\system32\rsaenh.dll
0x00007ffcfed90000 - 0x00007ffcfedb6000 	C:\WINDOWS\System32\bcrypt.dll
0x00007ffcfea70000 - 0x00007ffcfea99000 	C:\WINDOWS\SYSTEM32\USERENV.dll
0x00007ffcfe550000 - 0x00007ffcfe55c000 	C:\WINDOWS\SYSTEM32\CRYPTBASE.dll
0x00007ffcfe0a0000 - 0x00007ffcfe0dd000 	C:\WINDOWS\SYSTEM32\IPHLPAPI.DLL
0x00007ffd02a10000 - 0x00007ffd02a18000 	C:\WINDOWS\System32\NSI.dll
0x00007ffcd4010000 - 0x00007ffcd4059000 	C:\Users\User\AppData\Local\Temp\jna-2645995\jna13810941853258824397.dll
0x00007ffd02520000 - 0x00007ffd02528000 	C:\WINDOWS\System32\PSAPI.DLL

JVMTI agents:
c:\Users\User\.trae\extensions\redhat.java-1.53.0-win32-x64\lombok\lombok-1.18.39-4050.jar path:c:\Users\User\.trae\extensions\redhat.java-1.53.0-win32-x64\jre\21.0.10-win32-x86_64\bin\instrument.dll, loaded, initialized, instrumentlib options:none

dbghelp: loaded successfully - version: 4.0.5 - missing functions: none
symbol engine: initialized successfully - sym options: 0x614 - pdb path: .;c:\Users\User\.trae\extensions\redhat.java-1.53.0-win32-x64\jre\21.0.10-win32-x86_64\bin;C:\WINDOWS\SYSTEM32;C:\Program Files\Avast Software\Avast;C:\WINDOWS\WinSxS\amd64_microsoft.windows.common-controls_6595b64144ccf1df_6.0.17763.1577_none_de7444545348a3d0;c:\Users\User\.trae\extensions\redhat.java-1.53.0-win32-x64\jre\21.0.10-win32-x86_64\bin\server;C:\Users\User\AppData\Roaming\Trae\User\globalStorage\redhat.java\1.53.0\config_win\org.eclipse.equinox.launcher\org.eclipse.equinox.launcher.win32.win32.x86_64_1.3.0.v20260203-2149;C:\Users\User\AppData\Local\Temp\jna-2645995

VM Arguments:
jvm_args: --add-modules=ALL-SYSTEM --add-opens=java.base/java.util=ALL-UNNAMED --add-opens=java.base/java.lang=ALL-UNNAMED --add-opens=java.base/sun.nio.fs=ALL-UNNAMED -Declipse.application=org.eclipse.jdt.ls.core.id1 -Dosgi.bundles.defaultStartLevel=4 -Declipse.product=org.eclipse.jdt.ls.core.product -Djava.import.generatesMetadataFilesAtProjectRoot=false -DDetectVMInstallationsJob.disabled=true -Dfile.encoding=utf8 -XX:+UseParallelGC -XX:GCTimeRatio=4 -XX:AdaptiveSizePolicyWeight=90 -Dsun.zip.disableMemoryMapping=true -Xmx2G -Xms100m -Xlog:disable -javaagent:c:\Users\User\.trae\extensions\redhat.java-1.53.0-win32-x64\lombok\lombok-1.18.39-4050.jar -XX:+HeapDumpOnOutOfMemoryError -XX:HeapDumpPath=c:\Users\User\AppData\Roaming\Trae\User\workspaceStorage\3d0d1156a20cda4eb1df20c23f27dcd9\redhat.java -Daether.dependencyCollector.impl=bf 
java_command: c:\Users\User\.trae\extensions\redhat.java-1.53.0-win32-x64\server\plugins\org.eclipse.equinox.launcher_1.7.100.v20251111-0406.jar -configuration c:\Users\User\AppData\Roaming\Trae\User\globalStorage\redhat.java\1.53.0\config_win -data c:\Users\User\AppData\Roaming\Trae\User\workspaceStorage\3d0d1156a20cda4eb1df20c23f27dcd9\redhat.java\jdt_ws --pipe=\\.\pipe\lsp-12f7f32b89405f232a13093cc35cd707-sock
java_class_path (initial): c:\Users\User\.trae\extensions\redhat.java-1.53.0-win32-x64\server\plugins\org.eclipse.equinox.launcher_1.7.100.v20251111-0406.jar
Launcher Type: SUN_STANDARD

[Global flags]
    uintx AdaptiveSizePolicyWeight                 = 90                                        {product} {command line}
     intx CICompilerCount                          = 3                                         {product} {ergonomic}
    uintx GCTimeRatio                              = 4                                         {product} {command line}
     bool HeapDumpOnOutOfMemoryError               = true                                   {manageable} {command line}
    ccstr HeapDumpPath                             = c:\Users\User\AppData\Roaming\Trae\User\workspaceStorage\3d0d1156a20cda4eb1df20c23f27dcd9\redhat.java         {manageable} {command line}
   size_t InitialHeapSize                          = 104857600                                 {product} {command line}
   size_t MaxHeapSize                              = 2147483648                                {product} {command line}
   size_t MaxNewSize                               = 715653120                                 {product} {ergonomic}
   size_t MinHeapDeltaBytes                        = 524288                                    {product} {ergonomic}
   size_t MinHeapSize                              = 104857600                                 {product} {command line}
   size_t NewSize                                  = 34603008                                  {product} {ergonomic}
    uintx NonNMethodCodeHeapSize                   = 5832780                                {pd product} {ergonomic}
    uintx NonProfiledCodeHeapSize                  = 122912730                              {pd product} {ergonomic}
   size_t OldSize                                  = 70254592                                  {product} {ergonomic}
    uintx ProfiledCodeHeapSize                     = 122912730                              {pd product} {ergonomic}
    uintx ReservedCodeCacheSize                    = 251658240                              {pd product} {ergonomic}
     bool SegmentedCodeCache                       = true                                      {product} {ergonomic}
   size_t SoftMaxHeapSize                          = 2147483648                             {manageable} {ergonomic}
     bool UseCompressedOops                        = true                           {product lp64_product} {ergonomic}
     bool UseLargePagesIndividualAllocation        = false                                  {pd product} {ergonomic}
     bool UseParallelGC                            = true                                      {product} {command line}

Logging:
Log output configuration:
 #0: stdout all=off uptime,level,tags foldmultilines=false
 #1: stderr all=off uptime,level,tags foldmultilines=false

Release file:
JAVA_VERSION="21.0.10" 
MODULES="java.base java.compiler java.datatransfer java.xml java.prefs java.desktop java.instrument java.logging java.management java.security.sasl java.naming java.rmi java.management.rmi java.net.http java.scripting java.security.jgss java.transaction.xa java.sql java.sql.rowset java.xml.crypto java.se java.smartcardio jdk.accessibility jdk.internal.jvmstat jdk.attach jdk.charsets jdk.internal.opt jdk.zipfs jdk.compiler jdk.crypto.ec jdk.crypto.cryptoki jdk.crypto.mscapi jdk.dynalink jdk.internal.ed jdk.editpad jdk.hotspot.agent jdk.httpserver jdk.internal.le jdk.internal.vm.ci jdk.internal.vm.compiler jdk.internal.vm.compiler.management jdk.jartool jdk.javadoc jdk.jcmd jdk.management jdk.management.agent jdk.jconsole jdk.jdeps jdk.jdwp.agent jdk.jdi jdk.jfr jdk.jshell jdk.jsobject jdk.jstatd jdk.localedata jdk.management.jfr jdk.naming.dns jdk.naming.rmi jdk.net jdk.nio.mapmode jdk.random jdk.sctp jdk.security.auth jdk.security.jgss jdk.unsupported jdk.unsupported.desktop jdk.xml.dom" 

Environment Variables:
PATH=c:\Users\User\.trae\tools\trae-gopls\current;c:\Users\User\.trae\sdks\workspaces\3d0d1156\versions\node\current;c:\Users\User\.trae\sdks\versions\node\current;C:\Program Files (x86)\Common Files\Intel\Shared Libraries\redist\intel64_win\compiler;C:\Program Files (x86)\Common Files\Intel\Shared Libraries\redist\intel64\compiler;C:\ProgramData\Oracle\Java\javapath;C:\Program Files (x86)\Intel\iCLS Client\;C:\Program Files\Intel\iCLS Client\;C:\Windows\system32;C:\Windows;C:\Windows\System32\Wbem;C:\Windows\System32\WindowsPowerShell\v1.0\;C:\Windows\System32\OpenSSH\;C:\Program Files (x86)\Intel\Intel(R) Management Engine Components\DAL;C:\Program Files\Intel\Intel(R) Management Engine Components\DAL;C:\Program Files (x86)\Intel\Intel(R) Management Engine Components\IPT;C:\Program Files\Intel\Intel(R) Management Engine Components\IPT;C:\Program Files (x86)\NVIDIA Corporation\PhysX\Common;C:\WINDOWS\system32;C:\WINDOWS;C:\WINDOWS\System32\Wbem;C:\WINDOWS\System32\WindowsPowerShell\v1.0\;C:\WINDOWS\System32\OpenSSH\;C:\Program Files\NVIDIA Corporation\NVIDIA NvDLISR;C:\Program Files\nodejs\;C:\ngrok;C:\Program Files\Cloudflare\Cloudflare WARP\;C:\Users\User\AppData\Local\Microsoft\WindowsApps;C:\Users\User\AppData\Local\Programs\Microsoft VS Code\bin;C:\Users\User\AppData\Local\Programs\Git\cmd;C:\Users\User\AppData\Local\GitHubDesktop\bin;C:\Users\User\AppData\Roaming\npm;c:\Users\User\AppData\Local\Programs\Trae\resources\app\bin\lib
USERNAME=User
OS=Windows_NT
PROCESSOR_IDENTIFIER=Intel64 Family 6 Model 158 Stepping 9, GenuineIntel
TMP=C:\Users\User\AppData\Local\Temp
TEMP=C:\Users\User\AppData\Local\Temp




Periodic native trim disabled

---------------  S Y S T E M  ---------------

OS:
 Windows 10 , 64 bit Build 17763 (10.0.17763.475)
OS uptime: 0 days 5:32 hours

CPU: total 4 (initial active 4) (4 cores per cpu, 1 threads per core) family 6 model 158 stepping 9 microcode 0x8e, cx8, cmov, fxsr, mmx, 3dnowpref, sse, sse2, sse3, ssse3, sse4.1, sse4.2, popcnt, lzcnt, tsc, tscinvbit, avx, avx2, aes, erms, clmul, bmi1, bmi2, adx, fma, vzeroupper, clflush, clflushopt, rdtscp, f16c
Processor Information for the first 4 processors :
  Max Mhz: 3001, Current Mhz: 3001, Mhz Limit: 3001

Memory: 4k page, system-wide physical 16249M (2772M free)
TotalPageFile size 22249M (AvailPageFile size 127M)
current process WorkingSet (physical memory assigned to process): 141M, peak: 160M
current process commit charge ("private bytes"): 261M, peak: 280M

vm_info: OpenJDK 64-Bit Server VM (21.0.10+7-LTS) for windows-amd64 JRE (21.0.10+7-LTS), built on 2026-01-20T00:00:00Z by "admin" with MS VC++ 17.12 (VS2022)

END.
