#
# There is insufficient memory for the Java Runtime Environment to continue.
# Native memory allocation (malloc) failed to allocate 215216 bytes. Error detail: Chunk::new
# Possible reasons:
#   The system is out of physical RAM or swap space
#   This process is running with CompressedOops enabled, and the Java Heap may be blocking the growth of the native heap
# Possible solutions:
#   Reduce memory load on the system
#   Increase physical memory or swap space
#   Check if swap backing store is full
#   Decrease Java heap size (-Xmx/-Xms)
#   Decrease number of Java threads
#   Decrease Java thread stack sizes (-Xss)
#   Set larger code cache with -XX:ReservedCodeCacheSize=
#   JVM is running with Unscaled Compressed Oops mode in which the Java heap is
#     placed in the first 4GB address space. The Java Heap base address is the
#     maximum limit for the native heap growth. Please use -XX:HeapBaseMinAddress
#     to set the Java Heap base and to place the Java Heap above 4GB virtual address.
# This output file may be truncated or incomplete.
#
#  Out of Memory Error (arena.cpp:168), pid=14312, tid=21824
#
# JRE version: OpenJDK Runtime Environment Temurin-21.0.10+7 (21.0.10+7) (build 21.0.10+7-LTS)
# Java VM: OpenJDK 64-Bit Server VM Temurin-21.0.10+7 (21.0.10+7-LTS, mixed mode, sharing, tiered, compressed oops, compressed class ptrs, parallel gc, windows-amd64)
# No core dump will be written. Minidumps are not enabled by default on client versions of Windows
#

---------------  S U M M A R Y ------------

Command Line: --add-modules=ALL-SYSTEM --add-opens=java.base/java.util=ALL-UNNAMED --add-opens=java.base/java.lang=ALL-UNNAMED --add-opens=java.base/sun.nio.fs=ALL-UNNAMED -Declipse.application=org.eclipse.jdt.ls.core.id1 -Dosgi.bundles.defaultStartLevel=4 -Declipse.product=org.eclipse.jdt.ls.core.product -Djava.import.generatesMetadataFilesAtProjectRoot=false -DDetectVMInstallationsJob.disabled=true -Dfile.encoding=utf8 -XX:+UseParallelGC -XX:GCTimeRatio=4 -XX:AdaptiveSizePolicyWeight=90 -Dsun.zip.disableMemoryMapping=true -Xmx2G -Xms100m -Xlog:disable -javaagent:c:\Users\User\.trae\extensions\redhat.java-1.53.0-win32-x64\lombok\lombok-1.18.39-4050.jar c:\Users\User\.trae\extensions\redhat.java-1.53.0-win32-x64\server\plugins\org.eclipse.equinox.launcher_1.7.100.v20251111-0406.jar -configuration c:\Users\User\AppData\Roaming\Trae\User\globalStorage\redhat.java\1.53.0\config_ss_win -data c:\Users\User\AppData\Roaming\Trae\User\workspaceStorage\3d0d1156a20cda4eb1df20c23f27dcd9\redhat.java\ss_ws --pipe=\\.\pipe\lsp-8837c95dec0a09868419d0115cdbfeb8-sock

Host: Intel(R) Core(TM) i5-7400 CPU @ 3.00GHz, 4 cores, 15G,  Windows 10 , 64 bit Build 17763 (10.0.17763.475)
Time: Tue Mar 10 10:16:27 2026 Myanmar Standard Time elapsed time: 3.178443 seconds (0d 0h 0m 3s)

---------------  T H R E A D  ---------------

Current thread (0x000001e5855a0fe0):  JavaThread "C2 CompilerThread0" daemon [_thread_in_native, id=21824, stack(0x000000c93f300000,0x000000c93f400000) (1024K)]


Current CompileTask:
C2:3178 1578   !   4       lombok.patcher.ScriptManager$OurClassFileTransformer::transform (473 bytes)

Stack: [0x000000c93f300000,0x000000c93f400000]
Native frames: (J=compiled Java code, j=interpreted, Vv=VM code, C=native code)
V  [jvm.dll+0x6d7a39]
V  [jvm.dll+0x8b4b26]
V  [jvm.dll+0x8b70de]
V  [jvm.dll+0x8b77c3]
V  [jvm.dll+0x284346]
V  [jvm.dll+0xc66ed]
V  [jvm.dll+0xc6c31]
V  [jvm.dll+0x3bec01]
V  [jvm.dll+0x38b162]
V  [jvm.dll+0x38a5aa]
V  [jvm.dll+0x24c560]
V  [jvm.dll+0x24bb40]
V  [jvm.dll+0x1cb34e]
V  [jvm.dll+0x25b85d]
V  [jvm.dll+0x259dea]
V  [jvm.dll+0x3f857e]
V  [jvm.dll+0x85f59d]
V  [jvm.dll+0x6d626d]
C  [ucrtbase.dll+0x2268a]
C  [KERNEL32.DLL+0x17974]
C  [ntdll.dll+0x5a0b1]


---------------  P R O C E S S  ---------------

Threads class SMR info:
_java_thread_list=0x000001e5e2b8c270, length=12, elements={
0x000001e5856a7f50, 0x000001e5855964c0, 0x000001e585598be0, 0x000001e58559a870,
0x000001e58559ba10, 0x000001e58559d7e0, 0x000001e5855a0250, 0x000001e5855a0fe0,
0x000001e585614270, 0x000001e5e215f890, 0x000001e5e21930a0, 0x000001e5e2af37b0
}

Java Threads: ( => current thread )
  0x000001e5856a7f50 JavaThread "main"                              [_thread_in_vm, id=22032, stack(0x000000c93e800000,0x000000c93e900000) (1024K)]
  0x000001e5855964c0 JavaThread "Reference Handler"          daemon [_thread_blocked, id=21884, stack(0x000000c93ed00000,0x000000c93ee00000) (1024K)]
  0x000001e585598be0 JavaThread "Finalizer"                  daemon [_thread_blocked, id=9768, stack(0x000000c93ee00000,0x000000c93ef00000) (1024K)]
  0x000001e58559a870 JavaThread "Signal Dispatcher"          daemon [_thread_blocked, id=11472, stack(0x000000c93ef00000,0x000000c93f000000) (1024K)]
  0x000001e58559ba10 JavaThread "Attach Listener"            daemon [_thread_blocked, id=12144, stack(0x000000c93f000000,0x000000c93f100000) (1024K)]
  0x000001e58559d7e0 JavaThread "Service Thread"             daemon [_thread_blocked, id=16296, stack(0x000000c93f100000,0x000000c93f200000) (1024K)]
  0x000001e5855a0250 JavaThread "Monitor Deflation Thread"   daemon [_thread_blocked, id=4724, stack(0x000000c93f200000,0x000000c93f300000) (1024K)]
=>0x000001e5855a0fe0 JavaThread "C2 CompilerThread0"         daemon [_thread_in_native, id=21824, stack(0x000000c93f300000,0x000000c93f400000) (1024K)]
  0x000001e585614270 JavaThread "C1 CompilerThread0"         daemon [_thread_blocked, id=22420, stack(0x000000c93f400000,0x000000c93f500000) (1024K)]
  0x000001e5e215f890 JavaThread "Common-Cleaner"             daemon [_thread_blocked, id=22464, stack(0x000000c93f500000,0x000000c93f600000) (1024K)]
  0x000001e5e21930a0 JavaThread "Notification Thread"        daemon [_thread_blocked, id=3872, stack(0x000000c93f600000,0x000000c93f700000) (1024K)]
  0x000001e5e2af37b0 JavaThread "Active Thread: Equinox Container: c1a63fa5-a843-40c8-af69-894c23a00686"        [_thread_blocked, id=16036, stack(0x000000c93f700000,0x000000c93f800000) (1024K)]
Total: 12

Other Threads:
  0x000001e585768430 VMThread "VM Thread"                           [id=13548, stack(0x000000c93ec00000,0x000000c93ed00000) (1024K)]
  0x000001e585714cc0 WatcherThread "VM Periodic Task Thread"        [id=15932, stack(0x000000c93eb00000,0x000000c93ec00000) (1024K)]
  0x000001e5856c98f0 WorkerThread "GC Thread#0"                     [id=5492, stack(0x000000c93ea00000,0x000000c93eb00000) (1024K)]
  0x000001e5e266a910 WorkerThread "GC Thread#1"                     [id=17196, stack(0x000000c93f800000,0x000000c93f900000) (1024K)]
  0x000001e5e23f5190 WorkerThread "GC Thread#2"                     [id=21584, stack(0x000000c93f900000,0x000000c93fa00000) (1024K)]
  0x000001e5e23f5540 WorkerThread "GC Thread#3"                     [id=17048, stack(0x000000c93fa00000,0x000000c93fb00000) (1024K)]
Total: 6

Threads with active compile tasks:
C2 CompilerThread0  3249 1578   !   4       lombok.patcher.ScriptManager$OurClassFileTransformer::transform (473 bytes)
Total: 1

VM state: not at safepoint (normal execution)

VM Mutex/Monitor currently owned by a thread:  ([mutex/lock_event])
[0x00007ffc7f73c4e0] Metaspace_lock - owner thread: 0x000001e5856a7f50

Heap address: 0x0000000080000000, size: 2048 MB, Compressed Oops mode: 32-bit

CDS archive(s) mapped at: [0x000001e59c000000-0x000001e59cba0000-0x000001e59cba0000), size 12189696, SharedBaseAddress: 0x000001e59c000000, ArchiveRelocationMode: 1.
Compressed class space mapped at: 0x000001e59d000000-0x000001e5dd000000, reserved size: 1073741824
Narrow klass base: 0x000001e59c000000, Narrow klass shift: 0, Narrow klass range: 0x100000000

GC Precious Log:
 CardTable entry size: 512
 CPUs: 4 total, 4 available
 Memory: 16249M
 Large Page Support: Disabled
 NUMA Support: Disabled
 Compressed Oops: Enabled (32-bit)
 Alignments: Space 512K, Generation 512K, Heap 2M
 Heap Min Capacity: 100M
 Heap Initial Capacity: 100M
 Heap Max Capacity: 2G
 Pre-touch: Disabled
 Parallel Workers: 4

Heap:
 PSYoungGen      total 29696K, used 21901K [0x00000000d5580000, 0x00000000d7680000, 0x0000000100000000)
  eden space 25600K, 72% used [0x00000000d5580000,0x00000000d67a9720,0x00000000d6e80000)
  from space 4096K, 80% used [0x00000000d6e80000,0x00000000d71b9e98,0x00000000d7280000)
  to   space 4096K, 0% used [0x00000000d7280000,0x00000000d7280000,0x00000000d7680000)
 ParOldGen       total 68608K, used 0K [0x0000000080000000, 0x0000000084300000, 0x00000000d5580000)
  object space 68608K, 0% used [0x0000000080000000,0x0000000080000000,0x0000000084300000)
 Metaspace       used 7287K, committed 7552K, reserved 1114112K
  class space    used 752K, committed 896K, reserved 1048576K

Card table byte_map: [0x000001e585050000,0x000001e585460000] _byte_map_base: 0x000001e584c50000

Marking Bits: (ParMarkBitMap*) 0x00007ffc7f743450
 Begin Bits: [0x000001e597b60000, 0x000001e599b60000)
 End Bits:   [0x000001e599b60000, 0x000001e59bb60000)

Polling page: 0x000001e583360000

Metaspace:

Usage:
  Non-class:      6.38 MB used.
      Class:    752.70 KB used.
       Both:      7.12 MB used.

Virtual space:
  Non-class space:       64.00 MB reserved,       6.50 MB ( 10%) committed,  1 nodes.
      Class space:        1.00 GB reserved,     896.00 KB ( <1%) committed,  1 nodes.
             Both:        1.06 GB reserved,       7.38 MB ( <1%) committed. 

Chunk freelists:
   Non-Class:  9.23 MB
       Class:  14.98 MB
        Both:  24.22 MB

MaxMetaspaceSize: unlimited
CompressedClassSpaceSize: 1.00 GB
Initial GC threshold: 21.00 MB
Current GC threshold: 21.00 MB
CDS: on
 - commit_granule_bytes: 65536.
 - commit_granule_words: 8192.
 - virtual_space_node_default_size: 8388608.
 - enlarge_chunks_in_place: 1.
 - use_allocation_guard: 0.


Internal statistics:

num_allocs_failed_limit: 0.
num_arena_births: 216.
num_arena_deaths: 0.
num_vsnodes_births: 2.
num_vsnodes_deaths: 0.
num_space_committed: 118.
num_space_uncommitted: 0.
num_chunks_returned_to_freelist: 0.
num_chunks_taken_from_freelist: 379.
num_chunk_merges: 0.
num_chunk_splits: 247.
num_chunks_enlarged: 161.
num_inconsistent_stats: 0.

CodeHeap 'non-profiled nmethods': size=120000Kb used=709Kb max_used=709Kb free=119290Kb
 bounds [0x000001e590380000, 0x000001e5905f0000, 0x000001e5978b0000]
CodeHeap 'profiled nmethods': size=120000Kb used=2794Kb max_used=2794Kb free=117205Kb
 bounds [0x000001e5888b0000, 0x000001e588b70000, 0x000001e58fde0000]
CodeHeap 'non-nmethods': size=5760Kb used=1210Kb max_used=1244Kb free=4549Kb
 bounds [0x000001e58fde0000, 0x000001e590050000, 0x000001e590380000]
CodeCache: size=245760Kb, used=4713Kb, max_used=4747Kb, free=241044Kb
 total_blobs=2079, nmethods=1602, adapters=384, full_count=0
Compilation: enabled, stopped_count=0, restarted_count=0

Compilation events (20 events):
Event: 3.117 Thread 0x000001e585614270 1592       3       java.lang.ClassNotFoundException::<init> (7 bytes)
Event: 3.117 Thread 0x000001e585614270 nmethod 1592 0x000001e588b62010 code [0x000001e588b621c0, 0x000001e588b623c0]
Event: 3.118 Thread 0x000001e585614270 1593       3       java.lang.ClassLoader::compareCerts (197 bytes)
Event: 3.118 Thread 0x000001e585614270 nmethod 1593 0x000001e588b62490 code [0x000001e588b626c0, 0x000001e588b62ef8]
Event: 3.118 Thread 0x000001e585614270 1596       3       sun.invoke.util.VerifyAccess::isTypeVisible (47 bytes)
Event: 3.119 Thread 0x000001e585614270 nmethod 1596 0x000001e588b63210 code [0x000001e588b63400, 0x000001e588b637e8]
Event: 3.121 Thread 0x000001e585614270 1598       3       java.lang.ClassLoader::preDefineClass (118 bytes)
Event: 3.122 Thread 0x000001e585614270 nmethod 1598 0x000001e588b63a10 code [0x000001e588b63d80, 0x000001e588b64f20]
Event: 3.122 Thread 0x000001e585614270 1599       3       lombok.eclipse.agent.EclipsePatcher$1::shouldTransform (107 bytes)
Event: 3.123 Thread 0x000001e585614270 nmethod 1599 0x000001e588b65610 code [0x000001e588b65940, 0x000001e588b66930]
Event: 3.123 Thread 0x000001e585614270 1600       3       java.lang.ClassLoader::postDefineClass (39 bytes)
Event: 3.123 Thread 0x000001e585614270 nmethod 1600 0x000001e588b66e10 code [0x000001e588b67000, 0x000001e588b67328]
Event: 3.123 Thread 0x000001e585614270 1601       3       java.lang.ClassLoader::definePackage (85 bytes)
Event: 3.124 Thread 0x000001e585614270 nmethod 1601 0x000001e588b67510 code [0x000001e588b677e0, 0x000001e588b68680]
Event: 3.125 Thread 0x000001e585614270 1603   !   3       java.lang.invoke.MethodHandle::setVarargs (50 bytes)
Event: 3.126 Thread 0x000001e585614270 nmethod 1603 0x000001e588b68b10 code [0x000001e588b68de0, 0x000001e588b699b0]
Event: 3.126 Thread 0x000001e585614270 1604       3       java.lang.invoke.MemberName::isVarargs (23 bytes)
Event: 3.126 Thread 0x000001e585614270 nmethod 1604 0x000001e588b69e10 code [0x000001e588b69fe0, 0x000001e588b6a338]
Event: 3.128 Thread 0x000001e585614270 1606       3       sun.security.provider.DigestBase::engineReset (33 bytes)
Event: 3.128 Thread 0x000001e585614270 nmethod 1606 0x000001e588b6a490 code [0x000001e588b6a660, 0x000001e588b6a8f0]

GC Heap History (2 events):
Event: 1.888 GC heap before
{Heap before GC invocations=1 (full 0):
 PSYoungGen      total 29696K, used 25600K [0x00000000d5580000, 0x00000000d7680000, 0x0000000100000000)
  eden space 25600K, 100% used [0x00000000d5580000,0x00000000d6e80000,0x00000000d6e80000)
  from space 4096K, 0% used [0x00000000d7280000,0x00000000d7280000,0x00000000d7680000)
  to   space 4096K, 0% used [0x00000000d6e80000,0x00000000d6e80000,0x00000000d7280000)
 ParOldGen       total 68608K, used 0K [0x0000000080000000, 0x0000000084300000, 0x00000000d5580000)
  object space 68608K, 0% used [0x0000000080000000,0x0000000080000000,0x0000000084300000)
 Metaspace       used 4357K, committed 4608K, reserved 1114112K
  class space    used 475K, committed 576K, reserved 1048576K
}
Event: 1.959 GC heap after
{Heap after GC invocations=1 (full 0):
 PSYoungGen      total 29696K, used 3303K [0x00000000d5580000, 0x00000000d7680000, 0x0000000100000000)
  eden space 25600K, 0% used [0x00000000d5580000,0x00000000d5580000,0x00000000d6e80000)
  from space 4096K, 80% used [0x00000000d6e80000,0x00000000d71b9e98,0x00000000d7280000)
  to   space 4096K, 0% used [0x00000000d7280000,0x00000000d7280000,0x00000000d7680000)
 ParOldGen       total 68608K, used 0K [0x0000000080000000, 0x0000000084300000, 0x00000000d5580000)
  object space 68608K, 0% used [0x0000000080000000,0x0000000080000000,0x0000000084300000)
 Metaspace       used 4357K, committed 4608K, reserved 1114112K
  class space    used 475K, committed 576K, reserved 1048576K
}

Dll operation events (8 events):
Event: 0.110 Loaded shared library c:\Users\User\.trae\extensions\redhat.java-1.53.0-win32-x64\jre\21.0.10-win32-x86_64\bin\java.dll
Event: 0.343 Loaded shared library c:\Users\User\.trae\extensions\redhat.java-1.53.0-win32-x64\jre\21.0.10-win32-x86_64\bin\zip.dll
Event: 0.398 Loaded shared library C:\Users\User\.trae\extensions\redhat.java-1.53.0-win32-x64\jre\21.0.10-win32-x86_64\bin\instrument.dll
Event: 0.403 Loaded shared library C:\Users\User\.trae\extensions\redhat.java-1.53.0-win32-x64\jre\21.0.10-win32-x86_64\bin\net.dll
Event: 0.406 Loaded shared library C:\Users\User\.trae\extensions\redhat.java-1.53.0-win32-x64\jre\21.0.10-win32-x86_64\bin\nio.dll
Event: 0.416 Loaded shared library C:\Users\User\.trae\extensions\redhat.java-1.53.0-win32-x64\jre\21.0.10-win32-x86_64\bin\zip.dll
Event: 0.440 Loaded shared library C:\Users\User\.trae\extensions\redhat.java-1.53.0-win32-x64\jre\21.0.10-win32-x86_64\bin\jimage.dll
Event: 0.707 Loaded shared library c:\Users\User\.trae\extensions\redhat.java-1.53.0-win32-x64\jre\21.0.10-win32-x86_64\bin\verify.dll

Deoptimization events (20 events):
Event: 2.984 Thread 0x000001e5856a7f50 Uncommon trap: trap_request=0xffffff45 fr.pc=0x000001e590404750 relative=0x00000000000000b0
Event: 2.984 Thread 0x000001e5856a7f50 Uncommon trap: reason=unstable_if action=reinterpret pc=0x000001e590404750 method=java.util.concurrent.locks.ReentrantLock$NonfairSync.initialTryLock()Z @ 10 c2
Event: 2.984 Thread 0x000001e5856a7f50 DEOPT PACKING pc=0x000001e590404750 sp=0x000000c93e8fe970
Event: 2.984 Thread 0x000001e5856a7f50 DEOPT UNPACKING pc=0x000001e58fe33aa2 sp=0x000000c93e8fe900 mode 2
Event: 2.984 Thread 0x000001e5856a7f50 Uncommon trap: trap_request=0xffffff45 fr.pc=0x000001e5904043b4 relative=0x0000000000000094
Event: 2.984 Thread 0x000001e5856a7f50 Uncommon trap: reason=unstable_if action=reinterpret pc=0x000001e5904043b4 method=java.util.concurrent.locks.ReentrantLock$Sync.tryRelease(I)Z @ 26 c2
Event: 2.984 Thread 0x000001e5856a7f50 DEOPT PACKING pc=0x000001e5904043b4 sp=0x000000c93e8fea40
Event: 2.984 Thread 0x000001e5856a7f50 DEOPT UNPACKING pc=0x000001e58fe33aa2 sp=0x000000c93e8fe9c0 mode 2
Event: 3.126 Thread 0x000001e5856a7f50 Uncommon trap: trap_request=0xffffffde fr.pc=0x000001e590421ffc relative=0x00000000000009fc
Event: 3.126 Thread 0x000001e5856a7f50 Uncommon trap: reason=class_check action=maybe_recompile pc=0x000001e590421ffc method=java.util.HashMap.putVal(ILjava/lang/Object;Ljava/lang/Object;ZZ)Ljava/lang/Object; @ 253 c2
Event: 3.126 Thread 0x000001e5856a7f50 DEOPT PACKING pc=0x000001e590421ffc sp=0x000000c93e8fe370
Event: 3.126 Thread 0x000001e5856a7f50 DEOPT UNPACKING pc=0x000001e58fe33aa2 sp=0x000000c93e8fe298 mode 2
Event: 3.127 Thread 0x000001e5856a7f50 Uncommon trap: trap_request=0xffffffde fr.pc=0x000001e590421ffc relative=0x00000000000009fc
Event: 3.127 Thread 0x000001e5856a7f50 Uncommon trap: reason=class_check action=maybe_recompile pc=0x000001e590421ffc method=java.util.HashMap.putVal(ILjava/lang/Object;Ljava/lang/Object;ZZ)Ljava/lang/Object; @ 253 c2
Event: 3.127 Thread 0x000001e5856a7f50 DEOPT PACKING pc=0x000001e590421ffc sp=0x000000c93e8fe370
Event: 3.127 Thread 0x000001e5856a7f50 DEOPT UNPACKING pc=0x000001e58fe33aa2 sp=0x000000c93e8fe298 mode 2
Event: 3.128 Thread 0x000001e5856a7f50 Uncommon trap: trap_request=0xffffffde fr.pc=0x000001e5903cfab8 relative=0x0000000000000958
Event: 3.128 Thread 0x000001e5856a7f50 Uncommon trap: reason=class_check action=maybe_recompile pc=0x000001e5903cfab8 method=java.util.HashMap.putVal(ILjava/lang/Object;Ljava/lang/Object;ZZ)Ljava/lang/Object; @ 253 c2
Event: 3.128 Thread 0x000001e5856a7f50 DEOPT PACKING pc=0x000001e5903cfab8 sp=0x000000c93e8fe1d0
Event: 3.128 Thread 0x000001e5856a7f50 DEOPT UNPACKING pc=0x000001e58fe33aa2 sp=0x000000c93e8fe190 mode 2

Classes loaded (20 events):
Event: 3.053 Loading class java/util/concurrent/Delayed
Event: 3.053 Loading class java/util/concurrent/Delayed done
Event: 3.053 Loading class java/util/concurrent/ScheduledFuture done
Event: 3.054 Loading class java/util/concurrent/RunnableScheduledFuture done
Event: 3.074 Loading class java/util/concurrent/ScheduledThreadPoolExecutor$ScheduledFutureTask
Event: 3.074 Loading class java/util/concurrent/FutureTask
Event: 3.074 Loading class java/util/concurrent/FutureTask done
Event: 3.074 Loading class java/util/concurrent/ScheduledThreadPoolExecutor$ScheduledFutureTask done
Event: 3.074 Loading class java/util/concurrent/FutureTask$WaitNode
Event: 3.074 Loading class java/util/concurrent/FutureTask$WaitNode done
Event: 3.075 Loading class java/util/concurrent/Executors$RunnableAdapter
Event: 3.075 Loading class java/util/concurrent/Executors$RunnableAdapter done
Event: 3.075 Loading class java/util/concurrent/ThreadPoolExecutor$Worker
Event: 3.075 Loading class java/util/concurrent/ThreadPoolExecutor$Worker done
Event: 3.111 Loading class java/util/ArrayList$ListItr
Event: 3.111 Loading class java/util/ArrayList$ListItr done
Event: 3.113 Loading class java/net/ContentHandlerFactory
Event: 3.113 Loading class java/net/ContentHandlerFactory done
Event: 3.127 Loading class java/util/ConcurrentModificationException
Event: 3.127 Loading class java/util/ConcurrentModificationException done

Classes unloaded (0 events):
No events

Classes redefined (0 events):
No events

Internal exceptions (20 events):
Event: 1.452 Thread 0x000001e5856a7f50 Exception <a 'java/lang/NoSuchMethodError'{0x00000000d6549918}: 'java.lang.Object java.lang.invoke.Invokers$Holder.invokeExact_MT(java.lang.Object, java.lang.Object, java.lang.Object, java.lang.Object, java.lang.Object, java.lang.Object)'> (0x00000000d6549918) 
thrown [s\src\hotspot\share\interpreter\linkResolver.cpp, line 773]
Event: 1.455 Thread 0x000001e5856a7f50 Exception <a 'java/lang/NoSuchMethodError'{0x00000000d65609f0}: 'int java.lang.invoke.DirectMethodHandle$Holder.invokeStatic(java.lang.Object, java.lang.Object, java.lang.Object, java.lang.Object, java.lang.Object)'> (0x00000000d65609f0) 
thrown [s\src\hotspot\share\interpreter\linkResolver.cpp, line 773]
Event: 1.502 Thread 0x000001e5856a7f50 Exception <a 'java/lang/NoSuchMethodError'{0x00000000d65f4308}: 'java.lang.Object java.lang.invoke.DirectMethodHandle$Holder.invokeInterface(java.lang.Object, java.lang.Object, int)'> (0x00000000d65f4308) 
thrown [s\src\hotspot\share\interpreter\linkResolver.cpp, line 773]
Event: 1.803 Thread 0x000001e5856a7f50 Exception <a 'java/lang/NoSuchMethodError'{0x00000000d6a5a1e0}: 'java.lang.ClassLoader java.lang.ClassLoader.getPlatformClassLoader(java.lang.Class)'> (0x00000000d6a5a1e0) 
thrown [s\src\hotspot\share\interpreter\linkResolver.cpp, line 773]
Event: 1.886 Thread 0x000001e5856a7f50 Exception <a 'java/lang/ClassNotFoundException'{0x00000000d6e746e8}: sun/net/www/protocol/c/Handler> (0x00000000d6e746e8) 
thrown [s\src\hotspot\share\classfile\systemDictionary.cpp, line 312]
Event: 1.886 Thread 0x000001e5856a7f50 Exception <a 'java/lang/ClassNotFoundException'{0x00000000d6e75aa8}: sun/net/www/protocol/c/Handler> (0x00000000d6e75aa8) 
thrown [s\src\hotspot\share\classfile\systemDictionary.cpp, line 312]
Event: 1.887 Thread 0x000001e5856a7f50 Exception <a 'java/lang/ClassNotFoundException'{0x00000000d6e76cb8}: sun/net/www/protocol/c/Handler> (0x00000000d6e76cb8) 
thrown [s\src\hotspot\share\classfile\systemDictionary.cpp, line 312]
Event: 1.962 Thread 0x000001e5856a7f50 Exception <a 'java/io/FileNotFoundException'{0x00000000d559ff00}> (0x00000000d559ff00) 
thrown [s\src\hotspot\share\prims\jni.cpp, line 520]
Event: 2.005 Thread 0x000001e5856a7f50 Implicit null exception at 0x000001e5903df2c9 to 0x000001e5903dfc8c
Event: 2.005 Thread 0x000001e5856a7f50 Implicit null exception at 0x000001e5903e859a to 0x000001e5903e87b8
Event: 2.005 Thread 0x000001e5856a7f50 Exception <a 'java/lang/NoSuchMethodError'{0x00000000d56cf378}: 'void java.lang.invoke.DirectMethodHandle$Holder.invokeStatic(java.lang.Object, java.lang.Object, java.lang.Object, java.lang.Object)'> (0x00000000d56cf378) 
thrown [s\src\hotspot\share\interpreter\linkResolver.cpp, line 773]
Event: 2.006 Thread 0x000001e5856a7f50 Implicit null exception at 0x000001e5903e271a to 0x000001e5903e293c
Event: 2.006 Thread 0x000001e5856a7f50 Implicit null exception at 0x000001e5903e14c0 to 0x000001e5903e1545
Event: 2.327 Thread 0x000001e5856a7f50 Exception <a 'java/lang/NoSuchMethodError'{0x00000000d5990b50}: 'void java.lang.invoke.DirectMethodHandle$Holder.invokeSpecial(java.lang.Object, java.lang.Object, java.lang.Object)'> (0x00000000d5990b50) 
thrown [s\src\hotspot\share\interpreter\linkResolver.cpp, line 773]
Event: 2.792 Thread 0x000001e5856a7f50 Exception <a 'java/lang/NoSuchMethodError'{0x00000000d62a39c0}: 'int java.lang.invoke.DirectMethodHandle$Holder.invokeVirtual(java.lang.Object, java.lang.Object)'> (0x00000000d62a39c0) 
thrown [s\src\hotspot\share\interpreter\linkResolver.cpp, line 773]
Event: 2.998 Thread 0x000001e5856a7f50 Exception <a 'java/lang/NoSuchMethodError'{0x00000000d64161e8}: 'int java.lang.invoke.DirectMethodHandle$Holder.invokeStaticInit(java.lang.Object, java.lang.Object, java.lang.Object, java.lang.Object)'> (0x00000000d64161e8) 
thrown [s\src\hotspot\share\interpreter\linkResolver.cpp, line 773]
Event: 2.999 Thread 0x000001e5856a7f50 Exception <a 'java/lang/IncompatibleClassChangeError'{0x00000000d641e5f0}: Found class java.lang.Object, but interface was expected> (0x00000000d641e5f0) 
thrown [s\src\hotspot\share\interpreter\linkResolver.cpp, line 840]
Event: 3.021 Thread 0x000001e5856a7f50 Exception <a 'java/lang/NoSuchMethodError'{0x00000000d6424e00}: 'void java.lang.invoke.DirectMethodHandle$Holder.invokeStaticInit(java.lang.Object, java.lang.Object)'> (0x00000000d6424e00) 
thrown [s\src\hotspot\share\interpreter\linkResolver.cpp, line 773]
Event: 3.022 Thread 0x000001e5856a7f50 Exception <a 'java/lang/NoSuchMethodError'{0x00000000d642ffb8}: 'int java.lang.invoke.DirectMethodHandle$Holder.invokeStaticInit(java.lang.Object, java.lang.Object)'> (0x00000000d642ffb8) 
thrown [s\src\hotspot\share\interpreter\linkResolver.cpp, line 773]
Event: 3.118 Thread 0x000001e5856a7f50 Exception <a 'java/lang/NoSuchMethodError'{0x00000000d66785c0}: 'java.lang.Object java.lang.invoke.DirectMethodHandle$Holder.newInvokeSpecial(java.lang.Object, int, java.lang.Object)'> (0x00000000d66785c0) 
thrown [s\src\hotspot\share\interpreter\linkResolver.cpp, line 773]

ZGC Phase Switch (0 events):
No events

VM Operations (20 events):
Event: 0.341 Executing non-safepoint VM operation: HandshakeAllThreads (Deoptimize)
Event: 0.341 Executing non-safepoint VM operation: HandshakeAllThreads (Deoptimize) done
Event: 0.552 Executing non-safepoint VM operation: HandshakeAllThreads (Deoptimize)
Event: 0.552 Executing non-safepoint VM operation: HandshakeAllThreads (Deoptimize) done
Event: 1.270 Executing non-safepoint VM operation: HandshakeAllThreads (Deoptimize)
Event: 1.270 Executing non-safepoint VM operation: HandshakeAllThreads (Deoptimize) done
Event: 1.270 Executing safepoint VM operation: Cleanup
Event: 1.270 Executing safepoint VM operation: Cleanup done
Event: 1.288 Executing non-safepoint VM operation: HandshakeAllThreads (Deoptimize)
Event: 1.288 Executing non-safepoint VM operation: HandshakeAllThreads (Deoptimize) done
Event: 1.874 Executing non-safepoint VM operation: HandshakeAllThreads (Deoptimize)
Event: 1.874 Executing non-safepoint VM operation: HandshakeAllThreads (Deoptimize) done
Event: 1.888 Executing safepoint VM operation: ParallelGCFailedAllocation (Allocation Failure)
Event: 1.959 Executing safepoint VM operation: ParallelGCFailedAllocation (Allocation Failure) done
Event: 2.959 Executing safepoint VM operation: Cleanup
Event: 2.959 Executing safepoint VM operation: Cleanup done
Event: 3.104 Executing non-safepoint VM operation: HandshakeAllThreads (Deoptimize)
Event: 3.104 Executing non-safepoint VM operation: HandshakeAllThreads (Deoptimize) done
Event: 3.111 Executing non-safepoint VM operation: HandshakeAllThreads (Deoptimize)
Event: 3.111 Executing non-safepoint VM operation: HandshakeAllThreads (Deoptimize) done

Memory protections (0 events):
No events

Nmethod flushes (0 events):
No events

Events (20 events):
Event: 0.204 Thread 0x000001e5856a7f50 Thread added: 0x000001e5856a7f50
Event: 0.250 Thread 0x000001e5856a7f50 Thread added: 0x000001e5855964c0
Event: 0.252 Thread 0x000001e5856a7f50 Thread added: 0x000001e585598be0
Event: 0.254 Thread 0x000001e5856a7f50 Thread added: 0x000001e58559a870
Event: 0.254 Thread 0x000001e5856a7f50 Thread added: 0x000001e58559ba10
Event: 0.254 Thread 0x000001e5856a7f50 Thread added: 0x000001e58559d7e0
Event: 0.254 Thread 0x000001e5856a7f50 Thread added: 0x000001e5855a0250
Event: 0.254 Thread 0x000001e5856a7f50 Thread added: 0x000001e5855a0fe0
Event: 0.301 Thread 0x000001e5856a7f50 Thread added: 0x000001e585614270
Event: 0.400 Thread 0x000001e5856a7f50 Thread added: 0x000001e5e215f890
Event: 0.698 Thread 0x000001e585614270 Thread added: 0x000001e5e2205f80
Event: 0.827 Thread 0x000001e5e2205f80 Thread exited: 0x000001e5e2205f80
Event: 0.914 Thread 0x000001e5856a7f50 Thread added: 0x000001e5e21930a0
Event: 0.919 Thread 0x000001e585614270 Thread added: 0x000001e5e22939b0
Event: 1.796 Thread 0x000001e5e22939b0 Thread exited: 0x000001e5e22939b0
Event: 1.836 Thread 0x000001e585614270 Thread added: 0x000001e5e2669ea0
Event: 1.962 Thread 0x000001e5e2669ea0 Thread exited: 0x000001e5e2669ea0
Event: 2.506 Thread 0x000001e585614270 Thread added: 0x000001e5e2b0f390
Event: 2.972 Thread 0x000001e5e2b0f390 Thread exited: 0x000001e5e2b0f390
Event: 3.075 Thread 0x000001e5856a7f50 Thread added: 0x000001e5e2af37b0


Dynamic libraries:
0x00007ff79bcd0000 - 0x00007ff79bcde000 	c:\Users\User\.trae\extensions\redhat.java-1.53.0-win32-x64\jre\21.0.10-win32-x86_64\bin\java.exe
0x00007ffd02b90000 - 0x00007ffd02d7d000 	C:\WINDOWS\SYSTEM32\ntdll.dll
0x00007ffcfb520000 - 0x00007ffcfb540000 	C:\Program Files\Avast Software\Avast\aswhook.dll
0x00007ffd01930000 - 0x00007ffd019e3000 	C:\WINDOWS\System32\KERNEL32.DLL
0x00007ffcff140000 - 0x00007ffcff3d5000 	C:\WINDOWS\System32\KERNELBASE.dll
0x00007ffcfec90000 - 0x00007ffcfed8a000 	C:\WINDOWS\System32\ucrtbase.dll
0x00007ffcda320000 - 0x00007ffcda338000 	c:\Users\User\.trae\extensions\redhat.java-1.53.0-win32-x64\jre\21.0.10-win32-x86_64\bin\jli.dll
0x00007ffd01550000 - 0x00007ffd016e7000 	C:\WINDOWS\System32\USER32.dll
0x00007ffcff580000 - 0x00007ffcff5a0000 	C:\WINDOWS\System32\win32u.dll
0x00007ffd019f0000 - 0x00007ffd01a19000 	C:\WINDOWS\System32\GDI32.dll
0x00007ffcfefa0000 - 0x00007ffcff13c000 	C:\WINDOWS\System32\gdi32full.dll
0x00007ffcff4e0000 - 0x00007ffcff580000 	C:\WINDOWS\System32\msvcp_win.dll
0x00007ffcc92d0000 - 0x00007ffcc92ee000 	c:\Users\User\.trae\extensions\redhat.java-1.53.0-win32-x64\jre\21.0.10-win32-x86_64\bin\VCRUNTIME140.dll
0x00007ffce3a30000 - 0x00007ffce3ca9000 	C:\WINDOWS\WinSxS\amd64_microsoft.windows.common-controls_6595b64144ccf1df_6.0.17763.1577_none_de7444545348a3d0\COMCTL32.dll
0x00007ffd02a20000 - 0x00007ffd02abe000 	C:\WINDOWS\System32\msvcrt.dll
0x00007ffd01fc0000 - 0x00007ffd022ed000 	C:\WINDOWS\System32\combase.dll
0x00007ffd01a90000 - 0x00007ffd01bb2000 	C:\WINDOWS\System32\RPCRT4.dll
0x00007ffcff3e0000 - 0x00007ffcff45e000 	C:\WINDOWS\System32\bcryptPrimitives.dll
0x00007ffcffdb0000 - 0x00007ffcffdde000 	C:\WINDOWS\System32\IMM32.DLL
0x00007ffce3f50000 - 0x00007ffce3f5c000 	c:\Users\User\.trae\extensions\redhat.java-1.53.0-win32-x64\jre\21.0.10-win32-x86_64\bin\vcruntime140_1.dll
0x00007ffcb63f0000 - 0x00007ffcb647d000 	c:\Users\User\.trae\extensions\redhat.java-1.53.0-win32-x64\jre\21.0.10-win32-x86_64\bin\msvcp140.dll
0x00007ffc7ea80000 - 0x00007ffc7f821000 	c:\Users\User\.trae\extensions\redhat.java-1.53.0-win32-x64\jre\21.0.10-win32-x86_64\bin\server\jvm.dll
0x00007ffd01440000 - 0x00007ffd014e3000 	C:\WINDOWS\System32\ADVAPI32.dll
0x00007ffd02ac0000 - 0x00007ffd02b5e000 	C:\WINDOWS\System32\sechost.dll
0x00007ffcfebe0000 - 0x00007ffcfec3d000 	C:\WINDOWS\System32\POWRPROF.dll
0x00007ffd01a20000 - 0x00007ffd01a8d000 	C:\WINDOWS\System32\WS2_32.dll
0x00007ffcfab90000 - 0x00007ffcfabb4000 	C:\WINDOWS\SYSTEM32\WINMM.dll
0x00007ffcfaa40000 - 0x00007ffcfaa4a000 	C:\WINDOWS\SYSTEM32\VERSION.dll
0x00007ffcfaaf0000 - 0x00007ffcfab1d000 	C:\WINDOWS\SYSTEM32\WINMMBASE.dll
0x00007ffcfec40000 - 0x00007ffcfec8a000 	C:\WINDOWS\System32\cfgmgr32.dll
0x00007ffcfeb70000 - 0x00007ffcfeb81000 	C:\WINDOWS\System32\kernel.appcore.dll
0x00007ffce1da0000 - 0x00007ffce1daa000 	c:\Users\User\.trae\extensions\redhat.java-1.53.0-win32-x64\jre\21.0.10-win32-x86_64\bin\jimage.dll
0x00007ffcf9110000 - 0x00007ffcf92fd000 	C:\WINDOWS\SYSTEM32\DBGHELP.DLL
0x00007ffcf8f70000 - 0x00007ffcf8f9a000 	C:\WINDOWS\SYSTEM32\dbgcore.DLL
0x00007ffcde130000 - 0x00007ffcde13f000 	c:\Users\User\.trae\extensions\redhat.java-1.53.0-win32-x64\jre\21.0.10-win32-x86_64\bin\instrument.dll
0x00007ffccd050000 - 0x00007ffccd070000 	c:\Users\User\.trae\extensions\redhat.java-1.53.0-win32-x64\jre\21.0.10-win32-x86_64\bin\java.dll
0x00007ffcffe90000 - 0x00007ffd01389000 	C:\WINDOWS\System32\SHELL32.dll
0x00007ffd01390000 - 0x00007ffd01438000 	C:\WINDOWS\System32\shcore.dll
0x00007ffcff5a0000 - 0x00007ffcffcf3000 	C:\WINDOWS\System32\windows.storage.dll
0x00007ffcfebb0000 - 0x00007ffcfebd4000 	C:\WINDOWS\System32\profapi.dll
0x00007ffd01df0000 - 0x00007ffd01e42000 	C:\WINDOWS\System32\shlwapi.dll
0x00007ffcff4c0000 - 0x00007ffcff4d7000 	C:\WINDOWS\System32\cryptsp.dll
0x00007ffcc98f0000 - 0x00007ffcc9908000 	c:\Users\User\.trae\extensions\redhat.java-1.53.0-win32-x64\jre\21.0.10-win32-x86_64\bin\zip.dll
0x00007ffcdcb50000 - 0x00007ffcdcb60000 	C:\Users\User\.trae\extensions\redhat.java-1.53.0-win32-x64\jre\21.0.10-win32-x86_64\bin\net.dll
0x00007ffcfa870000 - 0x00007ffcfa964000 	C:\WINDOWS\SYSTEM32\WINHTTP.dll
0x00007ffcfe380000 - 0x00007ffcfe3e7000 	C:\WINDOWS\system32\mswsock.dll
0x00007ffcc9b30000 - 0x00007ffcc9b46000 	C:\Users\User\.trae\extensions\redhat.java-1.53.0-win32-x64\jre\21.0.10-win32-x86_64\bin\nio.dll
0x00007ffcdbd10000 - 0x00007ffcdbd20000 	c:\Users\User\.trae\extensions\redhat.java-1.53.0-win32-x64\jre\21.0.10-win32-x86_64\bin\verify.dll

JVMTI agents:
c:\Users\User\.trae\extensions\redhat.java-1.53.0-win32-x64\lombok\lombok-1.18.39-4050.jar path:c:\Users\User\.trae\extensions\redhat.java-1.53.0-win32-x64\jre\21.0.10-win32-x86_64\bin\instrument.dll, loaded, initialized, instrumentlib options:none

dbghelp: loaded successfully - version: 4.0.5 - missing functions: none
symbol engine: initialized successfully - sym options: 0x614 - pdb path: .;c:\Users\User\.trae\extensions\redhat.java-1.53.0-win32-x64\jre\21.0.10-win32-x86_64\bin;C:\WINDOWS\SYSTEM32;C:\Program Files\Avast Software\Avast;C:\WINDOWS\WinSxS\amd64_microsoft.windows.common-controls_6595b64144ccf1df_6.0.17763.1577_none_de7444545348a3d0;c:\Users\User\.trae\extensions\redhat.java-1.53.0-win32-x64\jre\21.0.10-win32-x86_64\bin\server

VM Arguments:
jvm_args: --add-modules=ALL-SYSTEM --add-opens=java.base/java.util=ALL-UNNAMED --add-opens=java.base/java.lang=ALL-UNNAMED --add-opens=java.base/sun.nio.fs=ALL-UNNAMED -Declipse.application=org.eclipse.jdt.ls.core.id1 -Dosgi.bundles.defaultStartLevel=4 -Declipse.product=org.eclipse.jdt.ls.core.product -Djava.import.generatesMetadataFilesAtProjectRoot=false -DDetectVMInstallationsJob.disabled=true -Dfile.encoding=utf8 -XX:+UseParallelGC -XX:GCTimeRatio=4 -XX:AdaptiveSizePolicyWeight=90 -Dsun.zip.disableMemoryMapping=true -Xmx2G -Xms100m -Xlog:disable -javaagent:c:\Users\User\.trae\extensions\redhat.java-1.53.0-win32-x64\lombok\lombok-1.18.39-4050.jar 
java_command: c:\Users\User\.trae\extensions\redhat.java-1.53.0-win32-x64\server\plugins\org.eclipse.equinox.launcher_1.7.100.v20251111-0406.jar -configuration c:\Users\User\AppData\Roaming\Trae\User\globalStorage\redhat.java\1.53.0\config_ss_win -data c:\Users\User\AppData\Roaming\Trae\User\workspaceStorage\3d0d1156a20cda4eb1df20c23f27dcd9\redhat.java\ss_ws --pipe=\\.\pipe\lsp-8837c95dec0a09868419d0115cdbfeb8-sock
java_class_path (initial): c:\Users\User\.trae\extensions\redhat.java-1.53.0-win32-x64\server\plugins\org.eclipse.equinox.launcher_1.7.100.v20251111-0406.jar
Launcher Type: SUN_STANDARD

[Global flags]
    uintx AdaptiveSizePolicyWeight                 = 90                                        {product} {command line}
     intx CICompilerCount                          = 3                                         {product} {ergonomic}
    uintx GCTimeRatio                              = 4                                         {product} {command line}
   size_t InitialHeapSize                          = 104857600                                 {product} {command line}
   size_t MaxHeapSize                              = 2147483648                                {product} {command line}
   size_t MaxNewSize                               = 715653120                                 {product} {ergonomic}
   size_t MinHeapDeltaBytes                        = 524288                                    {product} {ergonomic}
   size_t MinHeapSize                              = 104857600                                 {product} {command line}
   size_t NewSize                                  = 34603008                                  {product} {ergonomic}
    uintx NonNMethodCodeHeapSize                   = 5832780                                {pd product} {ergonomic}
    uintx NonProfiledCodeHeapSize                  = 122912730                              {pd product} {ergonomic}
   size_t OldSize                                  = 70254592                                  {product} {ergonomic}
    uintx ProfiledCodeHeapSize                     = 122912730                              {pd product} {ergonomic}
    uintx ReservedCodeCacheSize                    = 251658240                              {pd product} {ergonomic}
     bool SegmentedCodeCache                       = true                                      {product} {ergonomic}
   size_t SoftMaxHeapSize                          = 2147483648                             {manageable} {ergonomic}
     bool UseCompressedOops                        = true                           {product lp64_product} {ergonomic}
     bool UseLargePagesIndividualAllocation        = false                                  {pd product} {ergonomic}
     bool UseParallelGC                            = true                                      {product} {command line}

Logging:
Log output configuration:
 #0: stdout all=off uptime,level,tags foldmultilines=false
 #1: stderr all=off uptime,level,tags foldmultilines=false

Release file:
JAVA_VERSION="21.0.10" 
MODULES="java.base java.compiler java.datatransfer java.xml java.prefs java.desktop java.instrument java.logging java.management java.security.sasl java.naming java.rmi java.management.rmi java.net.http java.scripting java.security.jgss java.transaction.xa java.sql java.sql.rowset java.xml.crypto java.se java.smartcardio jdk.accessibility jdk.internal.jvmstat jdk.attach jdk.charsets jdk.internal.opt jdk.zipfs jdk.compiler jdk.crypto.ec jdk.crypto.cryptoki jdk.crypto.mscapi jdk.dynalink jdk.internal.ed jdk.editpad jdk.hotspot.agent jdk.httpserver jdk.internal.le jdk.internal.vm.ci jdk.internal.vm.compiler jdk.internal.vm.compiler.management jdk.jartool jdk.javadoc jdk.jcmd jdk.management jdk.management.agent jdk.jconsole jdk.jdeps jdk.jdwp.agent jdk.jdi jdk.jfr jdk.jshell jdk.jsobject jdk.jstatd jdk.localedata jdk.management.jfr jdk.naming.dns jdk.naming.rmi jdk.net jdk.nio.mapmode jdk.random jdk.sctp jdk.security.auth jdk.security.jgss jdk.unsupported jdk.unsupported.desktop jdk.xml.dom" 

Environment Variables:
PATH=c:\Users\User\.trae\tools\trae-gopls\current;c:\Users\User\.trae\sdks\workspaces\3d0d1156\versions\node\current;c:\Users\User\.trae\sdks\versions\node\current;C:\Program Files (x86)\Common Files\Intel\Shared Libraries\redist\intel64_win\compiler;C:\Program Files (x86)\Common Files\Intel\Shared Libraries\redist\intel64\compiler;C:\ProgramData\Oracle\Java\javapath;C:\Program Files (x86)\Intel\iCLS Client\;C:\Program Files\Intel\iCLS Client\;C:\Windows\system32;C:\Windows;C:\Windows\System32\Wbem;C:\Windows\System32\WindowsPowerShell\v1.0\;C:\Windows\System32\OpenSSH\;C:\Program Files (x86)\Intel\Intel(R) Management Engine Components\DAL;C:\Program Files\Intel\Intel(R) Management Engine Components\DAL;C:\Program Files (x86)\Intel\Intel(R) Management Engine Components\IPT;C:\Program Files\Intel\Intel(R) Management Engine Components\IPT;C:\Program Files (x86)\NVIDIA Corporation\PhysX\Common;C:\WINDOWS\system32;C:\WINDOWS;C:\WINDOWS\System32\Wbem;C:\WINDOWS\System32\WindowsPowerShell\v1.0\;C:\WINDOWS\System32\OpenSSH\;C:\Program Files\NVIDIA Corporation\NVIDIA NvDLISR;C:\Program Files\nodejs\;C:\ngrok;C:\Program Files\Cloudflare\Cloudflare WARP\;C:\Users\User\AppData\Local\Microsoft\WindowsApps;C:\Users\User\AppData\Local\Programs\Microsoft VS Code\bin;C:\Users\User\AppData\Local\Programs\Git\cmd;C:\Users\User\AppData\Local\GitHubDesktop\bin;C:\Users\User\AppData\Roaming\npm;c:\Users\User\AppData\Local\Programs\Trae\resources\app\bin\lib
USERNAME=User
OS=Windows_NT
PROCESSOR_IDENTIFIER=Intel64 Family 6 Model 158 Stepping 9, GenuineIntel
TMP=C:\Users\User\AppData\Local\Temp
TEMP=C:\Users\User\AppData\Local\Temp




Periodic native trim disabled

---------------  S Y S T E M  ---------------

OS:
 Windows 10 , 64 bit Build 17763 (10.0.17763.475)
OS uptime: 1 days 1:29 hours

CPU: total 4 (initial active 4) (4 cores per cpu, 1 threads per core) family 6 model 158 stepping 9 microcode 0x8e, cx8, cmov, fxsr, mmx, 3dnowpref, sse, sse2, sse3, ssse3, sse4.1, sse4.2, popcnt, lzcnt, tsc, tscinvbit, avx, avx2, aes, erms, clmul, bmi1, bmi2, adx, fma, vzeroupper, clflush, clflushopt, rdtscp, f16c
Processor Information for the first 4 processors :
  Max Mhz: 3001, Current Mhz: 3001, Mhz Limit: 3001

Memory: 4k page, system-wide physical 16249M (621M free)
TotalPageFile size 22249M (AvailPageFile size 141M)
current process WorkingSet (physical memory assigned to process): 84M, peak: 84M
current process commit charge ("private bytes"): 226M, peak: 226M

vm_info: OpenJDK 64-Bit Server VM (21.0.10+7-LTS) for windows-amd64 JRE (21.0.10+7-LTS), built on 2026-01-20T00:00:00Z by "admin" with MS VC++ 17.12 (VS2022)

END.
